2025-02-26 15:11:15,534 INFO o.a.j.u.JMeterUtils: Setting Locale to en_EN
2025-02-26 15:11:15,575 INFO o.a.j.JMeter: Loading user properties from: /home/michi/.config/apache-jmeter-5.6.3/bin/user.properties
2025-02-26 15:11:15,576 INFO o.a.j.JMeter: Loading system properties from: /home/michi/.config/apache-jmeter-5.6.3/bin/system.properties
2025-02-26 15:11:15,586 INFO o.a.j.JMeter: Copyright (c) 1998-2024 The Apache Software Foundation
2025-02-26 15:11:15,587 INFO o.a.j.JMeter: Version 5.6.3
2025-02-26 15:11:15,587 INFO o.a.j.JMeter: java.version=17.0.14
2025-02-26 15:11:15,587 INFO o.a.j.JMeter: java.vm.name=OpenJDK 64-Bit Server VM
2025-02-26 15:11:15,587 INFO o.a.j.JMeter: os.name=Linux
2025-02-26 15:11:15,587 INFO o.a.j.JMeter: os.arch=amd64
2025-02-26 15:11:15,587 INFO o.a.j.JMeter: os.version=6.11.0-17-generic
2025-02-26 15:11:15,587 INFO o.a.j.JMeter: file.encoding=UTF-8
2025-02-26 15:11:15,588 INFO o.a.j.JMeter: java.awt.headless=true
2025-02-26 15:11:15,588 INFO o.a.j.JMeter: Max memory     =1073741824
2025-02-26 15:11:15,588 INFO o.a.j.JMeter: Available Processors =16
2025-02-26 15:11:15,603 INFO o.a.j.JMeter: Default Locale=English (EN)
2025-02-26 15:11:15,603 INFO o.a.j.JMeter: JMeter  Locale=English (EN)
2025-02-26 15:11:15,604 INFO o.a.j.JMeter: JMeterHome=/home/michi/.config/apache-jmeter-5.6.3
2025-02-26 15:11:15,604 INFO o.a.j.JMeter: user.dir  =/home/michi/Documents/DISSERTAÇÃO/Comparing_JSON_and_ProtoBuf_in_HTTP-based-_REST_architectures/Control_Project_JSON/Jmeter/json_get_product_sku
2025-02-26 15:11:15,604 INFO o.a.j.JMeter: PWD       =/home/michi/Documents/DISSERTAÇÃO/Comparing_JSON_and_ProtoBuf_in_HTTP-based-_REST_architectures/Control_Project_JSON/Jmeter/json_get_product_sku
2025-02-26 15:11:15,604 INFO o.a.j.JMeter: IP: 127.0.1.1 Name: michi FullName: michi
2025-02-26 15:11:15,626 INFO o.a.j.JMeter: Setting property 'jmeter.reportgenerator.outputdir' to:'/home/michi/Documents/DISSERTAÇÃO/Comparing_JSON_and_ProtoBuf_in_HTTP-based-_REST_architectures/Control_Project_JSON/Jmeter/json_get_product_sku/json_get_product_sku_reports_3'
2025-02-26 15:11:15,630 INFO o.a.j.s.FileServer: Default base='/home/michi/Documents/DISSERTAÇÃO/Comparing_JSON_and_ProtoBuf_in_HTTP-based-_REST_architectures/Control_Project_JSON/Jmeter/json_get_product_sku'
2025-02-26 15:11:15,633 INFO o.a.j.s.FileServer: Set new base='/home/michi/Documents/DISSERTAÇÃO/Comparing_JSON_and_ProtoBuf_in_HTTP-based-_REST_architectures/Control_Project_JSON/Jmeter/json_get_product_sku'
2025-02-26 15:11:15,987 INFO o.a.j.s.SaveService: Testplan (JMX) version: 2.2. Testlog (JTL) version: 2.2
2025-02-26 15:11:16,028 INFO o.a.j.s.SaveService: Using SaveService properties version 5.0
2025-02-26 15:11:16,033 INFO o.a.j.s.SaveService: Using SaveService properties file encoding UTF-8
2025-02-26 15:11:16,037 INFO o.a.j.s.SaveService: Loading file: json_get_product_sku.jmx
2025-02-26 15:11:16,126 INFO o.a.j.p.h.s.HTTPSamplerBase: Parser for text/html is org.apache.jmeter.protocol.http.parser.LagartoBasedHtmlParser
2025-02-26 15:11:16,127 INFO o.a.j.p.h.s.HTTPSamplerBase: Parser for application/xhtml+xml is org.apache.jmeter.protocol.http.parser.LagartoBasedHtmlParser
2025-02-26 15:11:16,127 INFO o.a.j.p.h.s.HTTPSamplerBase: Parser for application/xml is org.apache.jmeter.protocol.http.parser.LagartoBasedHtmlParser
2025-02-26 15:11:16,127 INFO o.a.j.p.h.s.HTTPSamplerBase: Parser for text/xml is org.apache.jmeter.protocol.http.parser.LagartoBasedHtmlParser
2025-02-26 15:11:16,127 INFO o.a.j.p.h.s.HTTPSamplerBase: Parser for text/vnd.wap.wml is org.apache.jmeter.protocol.http.parser.RegexpHTMLParser
2025-02-26 15:11:16,127 INFO o.a.j.p.h.s.HTTPSamplerBase: Parser for text/css is org.apache.jmeter.protocol.http.parser.CssParser
2025-02-26 15:11:16,177 INFO o.a.j.JMeter: Creating summariser <summary>
2025-02-26 15:11:16,185 INFO o.a.j.r.d.ReportGenerator: ReportGenerator will use for Parsing the separator: ','
2025-02-26 15:11:16,185 INFO o.a.j.r.d.ReportGenerator: Will generate report at end of test from  results file: json_get_product_sku_reports_3/json_get_product_sku_report_3.csv
2025-02-26 15:11:16,185 INFO o.a.j.r.d.ReportGenerator: Reading report generator properties from: /home/michi/.config/apache-jmeter-5.6.3/bin/reportgenerator.properties
2025-02-26 15:11:16,186 INFO o.a.j.r.d.ReportGenerator: Merging with JMeter properties
2025-02-26 15:11:16,195 INFO o.a.j.r.c.ReportGeneratorConfiguration: Property 'jmeter.reportgenerator.temp_dir' not found, using default value 'temp' instead.
2025-02-26 15:11:16,199 INFO o.a.j.r.c.ReportGeneratorConfiguration: Property 'jmeter.reportgenerator.apdex_per_transaction' not found, using default value 'null' instead.
2025-02-26 15:11:16,199 INFO o.a.j.r.c.ReportGeneratorConfiguration: apdex_per_transaction is empty, not APDEX per transaction customization
2025-02-26 15:11:16,200 INFO o.a.j.r.c.ReportGeneratorConfiguration: Property 'jmeter.reportgenerator.sample_filter' not found, using default value 'null' instead.
2025-02-26 15:11:16,200 INFO o.a.j.r.c.ReportGeneratorConfiguration: Property 'jmeter.reportgenerator.report_title' not found, using default value 'null' instead.
2025-02-26 15:11:16,200 INFO o.a.j.r.c.ReportGeneratorConfiguration: Property 'jmeter.reportgenerator.start_date' not found, using default value 'null' instead.
2025-02-26 15:11:16,200 INFO o.a.j.r.c.ReportGeneratorConfiguration: Property 'jmeter.reportgenerator.end_date' not found, using default value 'null' instead.
2025-02-26 15:11:16,200 INFO o.a.j.r.c.ReportGeneratorConfiguration: Property 'jmeter.reportgenerator.date_format' not found, using default value 'null' instead.
2025-02-26 15:11:16,201 INFO o.a.j.r.c.ReportGeneratorConfiguration: Will use date range start date: null, end date: null
2025-02-26 15:11:16,208 INFO o.a.j.r.c.ReportGeneratorConfiguration: Property 'jmeter.reportgenerator.graph.totalTPS.exclude_controllers' not found, using default value 'false' instead.
2025-02-26 15:11:16,208 INFO o.a.j.r.c.ReportGeneratorConfiguration: Property 'jmeter.reportgenerator.graph.activeThreadsOverTime.exclude_controllers' not found, using default value 'false' instead.
2025-02-26 15:11:16,209 INFO o.a.j.r.c.ReportGeneratorConfiguration: Property 'jmeter.reportgenerator.graph.timeVsThreads.exclude_controllers' not found, using default value 'false' instead.
2025-02-26 15:11:16,209 INFO o.a.j.r.c.ReportGeneratorConfiguration: Property 'jmeter.reportgenerator.graph.responseTimeDistribution.exclude_controllers' not found, using default value 'false' instead.
2025-02-26 15:11:16,209 INFO o.a.j.r.c.ReportGeneratorConfiguration: Property 'jmeter.reportgenerator.graph.transactionsPerSecond.exclude_controllers' not found, using default value 'false' instead.
2025-02-26 15:11:16,209 INFO o.a.j.r.c.ReportGeneratorConfiguration: Property 'jmeter.reportgenerator.graph.responseTimePercentiles.exclude_controllers' not found, using default value 'false' instead.
2025-02-26 15:11:16,210 INFO o.a.j.r.c.ReportGeneratorConfiguration: Property 'jmeter.reportgenerator.graph.responseTimePercentilesOverTime.exclude_controllers' not found, using default value 'false' instead.
2025-02-26 15:11:16,210 INFO o.a.j.r.c.ReportGeneratorConfiguration: Property 'jmeter.reportgenerator.graph.responseTimesOverTime.exclude_controllers' not found, using default value 'false' instead.
2025-02-26 15:11:16,210 INFO o.a.j.r.c.ReportGeneratorConfiguration: Property 'jmeter.reportgenerator.graph.connectTimeOverTime.exclude_controllers' not found, using default value 'false' instead.
2025-02-26 15:11:16,211 INFO o.a.j.r.c.ReportGeneratorConfiguration: Property 'jmeter.reportgenerator.graph.latenciesOverTime.exclude_controllers' not found, using default value 'false' instead.
2025-02-26 15:11:16,212 INFO o.a.j.r.c.ReportGeneratorConfiguration: Property 'jmeter.reportgenerator.exporter.json.filters_only_sample_series' not found, using default value 'true' instead.
2025-02-26 15:11:16,212 INFO o.a.j.r.c.ReportGeneratorConfiguration: Property 'jmeter.reportgenerator.exporter.json.series_filter' not found, using default value '' instead.
2025-02-26 15:11:16,213 INFO o.a.j.r.c.ReportGeneratorConfiguration: Property 'jmeter.reportgenerator.exporter.json.show_controllers_only' not found, using default value 'false' instead.
2025-02-26 15:11:16,213 INFO o.a.j.r.c.ReportGeneratorConfiguration: Property 'jmeter.reportgenerator.exporter.html.filters_only_sample_series' not found, using default value 'true' instead.
2025-02-26 15:11:16,213 INFO o.a.j.r.c.ReportGeneratorConfiguration: Property 'jmeter.reportgenerator.exporter.html.series_filter' not found, using default value '' instead.
2025-02-26 15:11:16,214 INFO o.a.j.r.c.ReportGeneratorConfiguration: Property 'jmeter.reportgenerator.exporter.html.show_controllers_only' not found, using default value 'false' instead.
2025-02-26 15:11:16,236 INFO o.a.j.e.StandardJMeterEngine: Running the test!
2025-02-26 15:11:16,238 INFO o.a.j.s.SampleEvent: List of sample_variables: []
2025-02-26 15:11:16,239 INFO o.a.j.s.SampleEvent: List of sample_variables: []
2025-02-26 15:11:16,250 INFO o.a.j.e.u.CompoundVariable: Note: Function class names must contain the string: '.functions.'
2025-02-26 15:11:16,251 INFO o.a.j.e.u.CompoundVariable: Note: Function class names must not contain the string: '.gui.'
2025-02-26 15:11:16,354 INFO o.a.j.r.ClassFinder: Will scan jar /home/michi/.config/apache-jmeter-5.6.3/lib/ext/jmeter-plugins-manager-1.10.jar with filter ExtendsClassFilter [parents=[interface org.apache.jmeter.functions.Function], inner=false, contains=null, notContains=null]. Consider exposing JMeter plugins via META-INF/services, and add JMeter-Skip-Class-Scanning=true manifest attribute so JMeter can skip classfile scanning
2025-02-26 15:11:16,484 INFO o.a.j.JMeter: Running test (1740582676484)
2025-02-26 15:11:16,515 INFO o.a.j.e.StandardJMeterEngine: Starting ThreadGroup: 1 : Thread Group
2025-02-26 15:11:16,515 INFO o.a.j.e.StandardJMeterEngine: Starting 1 threads for group Thread Group.
2025-02-26 15:11:16,515 INFO o.a.j.e.StandardJMeterEngine: Thread will continue on error
2025-02-26 15:11:16,516 INFO o.a.j.t.ThreadGroup: Starting thread group... number=1 threads=1 ramp-up=1 delayedStart=false
2025-02-26 15:11:16,522 INFO o.a.j.t.ThreadGroup: Started thread group number 1
2025-02-26 15:11:16,522 INFO o.a.j.e.StandardJMeterEngine: All thread groups have been started
2025-02-26 15:11:16,527 INFO o.a.j.t.JMeterThread: Thread started: Thread Group 1-1
2025-02-26 15:11:16,553 INFO o.a.j.p.h.s.HTTPHCAbstractImpl: Local host = michi
2025-02-26 15:11:16,562 INFO o.a.j.p.h.s.HTTPHC4Impl: HTTP request retry count = 0
2025-02-26 15:11:16,564 INFO o.a.j.s.SampleResult: Note: Sample TimeStamps are START times
2025-02-26 15:11:16,565 INFO o.a.j.s.SampleResult: sampleresult.default.encoding is set to UTF-8
2025-02-26 15:11:16,565 INFO o.a.j.s.SampleResult: sampleresult.useNanoTime=true
2025-02-26 15:11:16,565 INFO o.a.j.s.SampleResult: sampleresult.nanoThreadSleep=5000
2025-02-26 15:11:16,730 INFO o.a.j.u.JsseSSLManager: Using default SSL protocol: TLS
2025-02-26 15:11:16,730 INFO o.a.j.u.JsseSSLManager: SSL session context: per-thread
2025-02-26 15:11:30,010 INFO o.a.j.r.Summariser: summary +   1035 in 00:00:14 =   76.5/s Avg:    12 Min:     9 Max:    56 Err:     0 (0.00%) Active: 1 Started: 1 Finished: 0
2025-02-26 15:12:00,007 INFO o.a.j.r.Summariser: summary +   2370 in 00:00:30 =   79.0/s Avg:    12 Min:     8 Max:    32 Err:     0 (0.00%) Active: 1 Started: 1 Finished: 0
2025-02-26 15:12:00,007 INFO o.a.j.r.Summariser: summary =   3405 in 00:00:44 =   78.2/s Avg:    12 Min:     8 Max:    56 Err:     0 (0.00%)
2025-02-26 15:12:30,004 INFO o.a.j.r.Summariser: summary +   2893 in 00:00:30 =   96.4/s Avg:    10 Min:     7 Max:    41 Err:     0 (0.00%) Active: 1 Started: 1 Finished: 0
2025-02-26 15:12:30,004 INFO o.a.j.r.Summariser: summary =   6298 in 00:01:14 =   85.7/s Avg:    11 Min:     7 Max:    56 Err:     0 (0.00%)
2025-02-26 15:13:00,005 INFO o.a.j.r.Summariser: summary +   3006 in 00:00:30 =  100.2/s Avg:     9 Min:     8 Max:    22 Err:     0 (0.00%) Active: 1 Started: 1 Finished: 0
2025-02-26 15:13:00,006 INFO o.a.j.r.Summariser: summary =   9304 in 00:01:44 =   89.9/s Avg:    10 Min:     7 Max:    56 Err:     0 (0.00%)
2025-02-26 15:13:30,009 INFO o.a.j.r.Summariser: summary +   3045 in 00:00:30 =  101.5/s Avg:     9 Min:     7 Max:    32 Err:     0 (0.00%) Active: 1 Started: 1 Finished: 0
2025-02-26 15:13:30,010 INFO o.a.j.r.Summariser: summary =  12349 in 00:02:14 =   92.5/s Avg:    10 Min:     7 Max:    56 Err:     0 (0.00%)
2025-02-26 15:13:56,810 INFO o.a.j.t.JMeterThread: Thread is done: Thread Group 1-1
2025-02-26 15:13:56,810 INFO o.a.j.t.JMeterThread: Thread finished: Thread Group 1-1
2025-02-26 15:13:56,812 INFO o.a.j.e.StandardJMeterEngine: Notifying test listeners of end of test
2025-02-26 15:13:56,813 INFO o.a.j.r.Summariser: summary +   2651 in 00:00:27 =   98.9/s Avg:     9 Min:     8 Max:    21 Err:     0 (0.00%) Active: 0 Started: 1 Finished: 1
2025-02-26 15:13:56,813 INFO o.a.j.r.Summariser: summary =  15000 in 00:02:40 =   93.6/s Avg:    10 Min:     7 Max:    56 Err:     0 (0.00%)
2025-02-26 15:13:56,813 INFO o.a.j.JMeter: Generating Dashboard
2025-02-26 15:13:56,814 INFO o.a.j.r.d.ReportGenerator: Flushing result collector before report Generation
2025-02-26 15:13:56,826 INFO o.a.j.r.p.NormalizerSampleConsumer: Using format, 'ms', to parse timeStamp field
2025-02-26 15:13:57,485 INFO o.a.j.r.p.AbstractSampleConsumer: class org.apache.jmeter.report.processor.AggregateConsumer#stopProducing(): beginDate produced 0 samples
2025-02-26 15:13:57,485 INFO o.a.j.r.p.AbstractSampleConsumer: class org.apache.jmeter.report.processor.AggregateConsumer#stopProducing(): endDate produced 0 samples
2025-02-26 15:13:57,488 INFO o.a.j.r.p.AbstractSampleConsumer: class org.apache.jmeter.report.processor.ApdexSummaryConsumer#stopProducing(): apdexSummary produced 0 samples
2025-02-26 15:13:57,489 INFO o.a.j.r.p.AbstractSampleConsumer: class org.apache.jmeter.report.processor.RequestsSummaryConsumer#stopProducing(): requestsSummary produced 0 samples
2025-02-26 15:13:57,508 INFO o.a.j.r.p.AbstractSampleConsumer: class org.apache.jmeter.report.processor.StatisticsSummaryConsumer#stopProducing(): statisticsSummary produced 0 samples
2025-02-26 15:13:57,512 INFO o.a.j.r.p.AbstractSampleConsumer: class org.apache.jmeter.report.processor.Top5ErrorsBySamplerConsumer#stopProducing(): top5ErrorsBySampler produced 0 samples
2025-02-26 15:13:57,512 INFO o.a.j.r.p.AbstractSampleConsumer: class org.apache.jmeter.report.processor.ErrorsSummaryConsumer#stopProducing(): errorsSummary produced 0 samples
2025-02-26 15:13:57,512 INFO o.a.j.r.p.AbstractSampleConsumer: class org.apache.jmeter.report.processor.graph.impl.HitsPerSecondGraphConsumer#stopProducing(): hitsPerSecond produced 0 samples
2025-02-26 15:13:57,776 INFO o.a.j.r.p.AbstractSampleConsumer: class org.apache.jmeter.report.processor.graph.impl.LatencyVSRequestGraphConsumer#stopProducing(): latencyVsRequest produced 0 samples
2025-02-26 15:13:57,779 INFO o.a.j.r.p.AbstractSampleConsumer: class org.apache.jmeter.report.processor.graph.impl.SyntheticResponseTimeDistributionGraphConsumer#stopProducing(): syntheticResponseTimeDistribution produced 0 samples
2025-02-26 15:13:57,780 INFO o.a.j.r.p.AbstractSampleConsumer: class org.apache.jmeter.report.processor.graph.impl.BytesThroughputGraphConsumer#stopProducing(): bytesThroughputOverTime produced 0 samples
2025-02-26 15:13:57,780 INFO o.a.j.r.p.AbstractSampleConsumer: class org.apache.jmeter.report.processor.graph.impl.CodesPerSecondGraphConsumer#stopProducing(): codesPerSecond produced 0 samples
2025-02-26 15:13:57,978 INFO o.a.j.r.p.AbstractSampleConsumer: class org.apache.jmeter.report.processor.graph.impl.ResponseTimeVSRequestGraphConsumer#stopProducing(): responseTimeVsRequest produced 0 samples
2025-02-26 15:13:57,980 INFO o.a.j.r.p.AbstractSampleConsumer: class org.apache.jmeter.report.processor.FilterConsumer#stopProducing(): startIntervalControlerFilter produced 105000 samples
2025-02-26 15:13:57,981 INFO o.a.j.r.p.AbstractSampleConsumer: class org.apache.jmeter.report.processor.graph.impl.TotalTPSGraphConsumer#stopProducing(): totalTPS produced 0 samples
2025-02-26 15:13:57,981 INFO o.a.j.r.p.AbstractSampleConsumer: class org.apache.jmeter.report.processor.graph.impl.ActiveThreadsGraphConsumer#stopProducing(): activeThreadsOverTime produced 0 samples
2025-02-26 15:13:57,981 INFO o.a.j.r.p.AbstractSampleConsumer: class org.apache.jmeter.report.processor.graph.impl.TimeVSThreadGraphConsumer#stopProducing(): timeVsThreads produced 0 samples
2025-02-26 15:13:57,981 INFO o.a.j.r.p.AbstractSampleConsumer: class org.apache.jmeter.report.processor.graph.impl.ResponseTimeDistributionGraphConsumer#stopProducing(): responseTimeDistribution produced 0 samples
2025-02-26 15:13:57,981 INFO o.a.j.r.p.AbstractSampleConsumer: class org.apache.jmeter.report.processor.graph.impl.TransactionsPerSecondGraphConsumer#stopProducing(): transactionsPerSecond produced 0 samples
2025-02-26 15:13:57,981 INFO o.a.j.r.p.AbstractSampleConsumer: class org.apache.jmeter.report.processor.graph.impl.ResponseTimePercentilesGraphConsumer#stopProducing(): responseTimePercentiles produced 0 samples
2025-02-26 15:13:57,982 INFO o.a.j.r.p.AbstractSampleConsumer: class org.apache.jmeter.report.processor.graph.impl.ResponseTimePercentilesOverTimeGraphConsumer#stopProducing(): responseTimePercentilesOverTime produced 0 samples
2025-02-26 15:13:57,986 INFO o.a.j.r.p.AbstractSampleConsumer: class org.apache.jmeter.report.processor.graph.impl.ResponseTimeOverTimeGraphConsumer#stopProducing(): responseTimesOverTime produced 0 samples
2025-02-26 15:13:57,987 INFO o.a.j.r.p.AbstractSampleConsumer: class org.apache.jmeter.report.processor.graph.impl.ConnectTimeOverTimeGraphConsumer#stopProducing(): connectTimeOverTime produced 0 samples
2025-02-26 15:13:57,987 INFO o.a.j.r.p.AbstractSampleConsumer: class org.apache.jmeter.report.processor.graph.impl.LatencyOverTimeGraphConsumer#stopProducing(): latenciesOverTime produced 0 samples
2025-02-26 15:13:57,987 INFO o.a.j.r.p.AbstractSampleConsumer: class org.apache.jmeter.report.processor.FilterConsumer#stopProducing(): nameFilter produced 225000 samples
2025-02-26 15:13:57,988 INFO o.a.j.r.p.AbstractSampleConsumer: class org.apache.jmeter.report.processor.FilterConsumer#stopProducing(): dateRangeFilter produced 45000 samples
2025-02-26 15:13:57,988 INFO o.a.j.r.p.AbstractSampleConsumer: class org.apache.jmeter.report.processor.NormalizerSampleConsumer#stopProducing(): normalizer produced 15000 samples
2025-02-26 15:13:57,989 INFO o.a.j.r.p.CsvFileSampleSource: produce(): 15000 samples produced in 1s 123 ms on channel 0
2025-02-26 15:13:57,989 INFO o.a.j.r.d.ReportGenerator: Exporting data using exporter:'json' of className:'org.apache.jmeter.report.dashboard.JsonExporter'
2025-02-26 15:13:58,108 INFO o.a.j.r.d.JsonExporter: Found data for consumer statisticsSummary in context
2025-02-26 15:13:58,109 INFO o.a.j.r.d.JsonExporter: Creating statistics for overall
2025-02-26 15:13:58,110 INFO o.a.j.r.d.JsonExporter: Creating statistics for other transactions
2025-02-26 15:13:58,110 INFO o.a.j.r.d.JsonExporter: Checking output folder
2025-02-26 15:13:58,111 INFO o.a.j.r.d.JsonExporter: Writing statistics JSON to /home/michi/Documents/DISSERTAÇÃO/Comparing_JSON_and_ProtoBuf_in_HTTP-based-_REST_architectures/Control_Project_JSON/Jmeter/json_get_product_sku/json_get_product_sku_reports_3/statistics.json
2025-02-26 15:13:58,168 INFO o.a.j.r.d.ReportGenerator: Exporting data using exporter:'html' of className:'org.apache.jmeter.report.dashboard.HtmlTemplateExporter'
2025-02-26 15:13:58,172 INFO o.a.j.r.d.HtmlTemplateExporter: Will generate dashboard in folder: /home/michi/Documents/DISSERTAÇÃO/Comparing_JSON_and_ProtoBuf_in_HTTP-based-_REST_architectures/Control_Project_JSON/Jmeter/json_get_product_sku/json_get_product_sku_reports_3
2025-02-26 15:13:58,316 INFO o.a.j.r.d.HtmlTemplateExporter: Report will be generated in: /home/michi/Documents/DISSERTAÇÃO/Comparing_JSON_and_ProtoBuf_in_HTTP-based-_REST_architectures/Control_Project_JSON/Jmeter/json_get_product_sku/json_get_product_sku_reports_3, creating folder structure
2025-02-26 15:13:58,319 INFO o.a.j.r.d.TemplateVisitor: Copying folder from '/home/michi/.config/apache-jmeter-5.6.3/bin/report-template' to '/home/michi/Documents/DISSERTAÇÃO/Comparing_JSON_and_ProtoBuf_in_HTTP-based-_REST_architectures/Control_Project_JSON/Jmeter/json_get_product_sku/json_get_product_sku_reports_3', got message: /home/michi/Documents/DISSERTAÇÃO/Comparing_JSON_and_ProtoBuf_in_HTTP-based-_REST_architectures/Control_Project_JSON/Jmeter/json_get_product_sku/json_get_product_sku_reports_3, found non empty folder with following content [/home/michi/Documents/DISSERTAÇÃO/Comparing_JSON_and_ProtoBuf_in_HTTP-based-_REST_architectures/Control_Project_JSON/Jmeter/json_get_product_sku/json_get_product_sku_reports_3/json_get_product_sku_report_3.csv, /home/michi/Documents/DISSERTAÇÃO/Comparing_JSON_and_ProtoBuf_in_HTTP-based-_REST_architectures/Control_Project_JSON/Jmeter/json_get_product_sku/json_get_product_sku_reports_3/statistics.json], will be ignored
2025-02-26 15:13:58,587 INFO o.a.j.JMeter: Dashboard generated
