2025-02-26 12:19:01,141 INFO o.a.j.u.JMeterUtils: Setting Locale to en_EN
2025-02-26 12:19:01,161 INFO o.a.j.JMeter: Loading user properties from: C:\apache-jmeter-5.6.3\apache-jmeter-5.6.3\bin\user.properties
2025-02-26 12:19:01,162 INFO o.a.j.JMeter: Loading system properties from: C:\apache-jmeter-5.6.3\apache-jmeter-5.6.3\bin\system.properties
2025-02-26 12:19:01,167 INFO o.a.j.JMeter: Copyright (c) 1998-2024 The Apache Software Foundation
2025-02-26 12:19:01,167 INFO o.a.j.JMeter: Version 5.6.3
2025-02-26 12:19:01,167 INFO o.a.j.JMeter: java.version=17.0.10
2025-02-26 12:19:01,167 INFO o.a.j.JMeter: java.vm.name=Java HotSpot(TM) 64-Bit Server VM
2025-02-26 12:19:01,167 INFO o.a.j.JMeter: os.name=Windows 11
2025-02-26 12:19:01,167 INFO o.a.j.JMeter: os.arch=amd64
2025-02-26 12:19:01,167 INFO o.a.j.JMeter: os.version=10.0
2025-02-26 12:19:01,167 INFO o.a.j.JMeter: file.encoding=Cp1252
2025-02-26 12:19:01,167 INFO o.a.j.JMeter: java.awt.headless=true
2025-02-26 12:19:01,167 INFO o.a.j.JMeter: Max memory     =1073741824
2025-02-26 12:19:01,168 INFO o.a.j.JMeter: Available Processors =12
2025-02-26 12:19:01,175 INFO o.a.j.JMeter: Default Locale=English (EN)
2025-02-26 12:19:01,175 INFO o.a.j.JMeter: JMeter  Locale=English (EN)
2025-02-26 12:19:01,175 INFO o.a.j.JMeter: JMeterHome=C:\apache-jmeter-5.6.3\apache-jmeter-5.6.3
2025-02-26 12:19:01,175 INFO o.a.j.JMeter: user.dir  =C:\Users\migue\Documents\isep\DISSERTA플O
2025-02-26 12:19:01,176 INFO o.a.j.JMeter: PWD       =C:\Users\migue\Documents\isep\DISSERTA플O
2025-02-26 12:19:01,180 INFO o.a.j.JMeter: IP: 192.168.31.80 Name: Michi FullName: host.docker.internal
2025-02-26 12:19:01,194 INFO o.a.j.s.FileServer: Default base='C:\Users\migue\Documents\isep\DISSERTA플O'
2025-02-26 12:19:01,195 INFO o.a.j.s.FileServer: Set new base='C:\Users\migue\Documents\isep\DISSERTA플O'
2025-02-26 12:19:01,338 INFO o.a.j.s.SaveService: Testplan (JMX) version: 2.2. Testlog (JTL) version: 2.2
2025-02-26 12:19:01,359 INFO o.a.j.s.SaveService: Using SaveService properties version 5.0
2025-02-26 12:19:01,362 INFO o.a.j.s.SaveService: Using SaveService properties file encoding UTF-8
2025-02-26 12:19:01,364 INFO o.a.j.s.SaveService: Loading file: pump_API.jmx
2025-02-26 12:19:01,408 INFO o.a.j.p.h.s.HTTPSamplerBase: Parser for text/html is org.apache.jmeter.protocol.http.parser.LagartoBasedHtmlParser
2025-02-26 12:19:01,409 INFO o.a.j.p.h.s.HTTPSamplerBase: Parser for application/xhtml+xml is org.apache.jmeter.protocol.http.parser.LagartoBasedHtmlParser
2025-02-26 12:19:01,409 INFO o.a.j.p.h.s.HTTPSamplerBase: Parser for application/xml is org.apache.jmeter.protocol.http.parser.LagartoBasedHtmlParser
2025-02-26 12:19:01,409 INFO o.a.j.p.h.s.HTTPSamplerBase: Parser for text/xml is org.apache.jmeter.protocol.http.parser.LagartoBasedHtmlParser
2025-02-26 12:19:01,409 INFO o.a.j.p.h.s.HTTPSamplerBase: Parser for text/vnd.wap.wml is org.apache.jmeter.protocol.http.parser.RegexpHTMLParser
2025-02-26 12:19:01,409 INFO o.a.j.p.h.s.HTTPSamplerBase: Parser for text/css is org.apache.jmeter.protocol.http.parser.CssParser
2025-02-26 12:19:01,430 INFO o.a.j.JMeter: Creating summariser <summary>
2025-02-26 12:19:01,440 INFO o.a.j.e.StandardJMeterEngine: Running the test!
2025-02-26 12:19:01,440 INFO o.a.j.s.SampleEvent: List of sample_variables: []
2025-02-26 12:19:01,440 INFO o.a.j.s.SampleEvent: List of sample_variables: []
2025-02-26 12:19:01,444 INFO o.a.j.e.u.CompoundVariable: Note: Function class names must contain the string: '.functions.'
2025-02-26 12:19:01,444 INFO o.a.j.e.u.CompoundVariable: Note: Function class names must not contain the string: '.gui.'
2025-02-26 12:19:01,486 INFO o.a.j.r.ClassFinder: Will scan jar C:\apache-jmeter-5.6.3\apache-jmeter-5.6.3\lib\ext\jmeter-plugins-casutg-2.10.jar with filter ExtendsClassFilter [parents=[interface org.apache.jmeter.functions.Function], inner=false, contains=null, notContains=null]. Consider exposing JMeter plugins via META-INF/services, and add JMeter-Skip-Class-Scanning=true manifest attribute so JMeter can skip classfile scanning
2025-02-26 12:19:01,494 INFO o.a.j.r.ClassFinder: Will scan jar C:\apache-jmeter-5.6.3\apache-jmeter-5.6.3\lib\ext\jmeter-plugins-functions-2.2.jar with filter ExtendsClassFilter [parents=[interface org.apache.jmeter.functions.Function], inner=false, contains=null, notContains=null]. Consider exposing JMeter plugins via META-INF/services, and add JMeter-Skip-Class-Scanning=true manifest attribute so JMeter can skip classfile scanning
2025-02-26 12:19:01,499 INFO o.a.j.r.ClassFinder: Will scan jar C:\apache-jmeter-5.6.3\apache-jmeter-5.6.3\lib\ext\jmeter-plugins-modalitycovcheck-1.2.2.jar with filter ExtendsClassFilter [parents=[interface org.apache.jmeter.functions.Function], inner=false, contains=null, notContains=null]. Consider exposing JMeter plugins via META-INF/services, and add JMeter-Skip-Class-Scanning=true manifest attribute so JMeter can skip classfile scanning
2025-02-26 12:19:01,502 INFO o.a.j.r.ClassFinder: Will scan jar C:\apache-jmeter-5.6.3\apache-jmeter-5.6.3\lib\ext\jmeter-bzm-hls-3.1.jar with filter ExtendsClassFilter [parents=[interface org.apache.jmeter.functions.Function], inner=false, contains=null, notContains=null]. Consider exposing JMeter plugins via META-INF/services, and add JMeter-Skip-Class-Scanning=true manifest attribute so JMeter can skip classfile scanning
2025-02-26 12:19:01,510 INFO o.a.j.r.ClassFinder: Will scan jar C:\apache-jmeter-5.6.3\apache-jmeter-5.6.3\lib\ext\jmeter-debugger-0.6.jar with filter ExtendsClassFilter [parents=[interface org.apache.jmeter.functions.Function], inner=false, contains=null, notContains=null]. Consider exposing JMeter plugins via META-INF/services, and add JMeter-Skip-Class-Scanning=true manifest attribute so JMeter can skip classfile scanning
2025-02-26 12:19:01,520 INFO o.a.j.r.ClassFinder: Will scan jar C:\apache-jmeter-5.6.3\apache-jmeter-5.6.3\lib\ext\citrix-jmeter-0.7.7.jar with filter ExtendsClassFilter [parents=[interface org.apache.jmeter.functions.Function], inner=false, contains=null, notContains=null]. Consider exposing JMeter plugins via META-INF/services, and add JMeter-Skip-Class-Scanning=true manifest attribute so JMeter can skip classfile scanning
2025-02-26 12:19:01,860 INFO o.a.j.r.ClassFinder: Will scan jar C:\apache-jmeter-5.6.3\apache-jmeter-5.6.3\lib\ext\jmeter-plugins-apdexcovcalculator-1.0.0.jar with filter ExtendsClassFilter [parents=[interface org.apache.jmeter.functions.Function], inner=false, contains=null, notContains=null]. Consider exposing JMeter plugins via META-INF/services, and add JMeter-Skip-Class-Scanning=true manifest attribute so JMeter can skip classfile scanning
2025-02-26 12:19:01,861 INFO o.a.j.r.ClassFinder: Will scan jar C:\apache-jmeter-5.6.3\apache-jmeter-5.6.3\lib\ext\jmeter-plugins-cmd-2.2.jar with filter ExtendsClassFilter [parents=[interface org.apache.jmeter.functions.Function], inner=false, contains=null, notContains=null]. Consider exposing JMeter plugins via META-INF/services, and add JMeter-Skip-Class-Scanning=true manifest attribute so JMeter can skip classfile scanning
2025-02-26 12:19:01,862 INFO o.a.j.r.ClassFinder: Will scan jar C:\apache-jmeter-5.6.3\apache-jmeter-5.6.3\lib\ext\ApacheJmeter_Schema_Assertion-1.1.0.jar with filter ExtendsClassFilter [parents=[interface org.apache.jmeter.functions.Function], inner=false, contains=null, notContains=null]. Consider exposing JMeter plugins via META-INF/services, and add JMeter-Skip-Class-Scanning=true manifest attribute so JMeter can skip classfile scanning
2025-02-26 12:19:04,973 ERROR o.a.j.r.ClassFinder: Error filtering class org.apache.tika.metadata.filter.DateNormalizingMetadataFilter, it will be ignored
java.lang.IncompatibleClassChangeError: class org.apache.tika.metadata.filter.DateNormalizingMetadataFilter has interface org.apache.tika.metadata.filter.MetadataFilter as super class
	at java.base/java.lang.ClassLoader.defineClass1(Native Method) ~[?:?]
	at java.base/java.lang.ClassLoader.defineClass(ClassLoader.java:1012) ~[?:?]
	at java.base/java.security.SecureClassLoader.defineClass(SecureClassLoader.java:150) ~[?:?]
	at java.base/java.net.URLClassLoader.defineClass(URLClassLoader.java:524) ~[?:?]
	at java.base/java.net.URLClassLoader$1.run(URLClassLoader.java:427) ~[?:?]
	at java.base/java.net.URLClassLoader$1.run(URLClassLoader.java:421) ~[?:?]
	at java.base/java.security.AccessController.doPrivileged(AccessController.java:712) ~[?:?]
	at java.base/java.net.URLClassLoader.findClass(URLClassLoader.java:420) ~[?:?]
	at java.base/java.lang.ClassLoader.loadClass(ClassLoader.java:587) ~[?:?]
	at java.base/java.lang.ClassLoader.loadClass(ClassLoader.java:520) ~[?:?]
	at java.base/java.lang.Class.forName0(Native Method) ~[?:?]
	at java.base/java.lang.Class.forName(Class.java:467) ~[?:?]
	at org.apache.jorphan.reflect.ClassFinder$ExtendsClassFilter.isChildOf(ClassFinder.java:198) ~[jorphan.jar:5.6.3]
	at org.apache.jorphan.reflect.ClassFinder$ExtendsClassFilter.accept(ClassFinder.java:184) ~[jorphan.jar:5.6.3]
	at org.apache.jorphan.reflect.ClassFinder.applyFiltering(ClassFinder.java:541) ~[jorphan.jar:5.6.3]
	at org.apache.jorphan.reflect.ClassFinder.lambda$findClassesInOnePath$2(ClassFinder.java:501) ~[jorphan.jar:5.6.3]
	at java.base/java.util.stream.ForEachOps$ForEachOp$OfRef.accept(ForEachOps.java:183) [?:?]
	at java.base/java.util.stream.ReferencePipeline$2$1.accept(ReferencePipeline.java:179) [?:?]
	at java.base/java.util.zip.ZipFile$EntrySpliterator.tryAdvance(ZipFile.java:567) [?:?]
	at java.base/java.util.Spliterator.forEachRemaining(Spliterator.java:332) [?:?]
	at java.base/java.util.stream.AbstractPipeline.copyInto(AbstractPipeline.java:509) [?:?]
	at java.base/java.util.stream.AbstractPipeline.wrapAndCopyInto(AbstractPipeline.java:499) [?:?]
	at java.base/java.util.stream.ForEachOps$ForEachOp.evaluateSequential(ForEachOps.java:150) [?:?]
	at java.base/java.util.stream.ForEachOps$ForEachOp$OfRef.evaluateSequential(ForEachOps.java:173) [?:?]
	at java.base/java.util.stream.AbstractPipeline.evaluate(AbstractPipeline.java:234) [?:?]
	at java.base/java.util.stream.ReferencePipeline.forEach(ReferencePipeline.java:596) [?:?]
	at org.apache.jorphan.reflect.ClassFinder.findClassesInOnePath(ClassFinder.java:499) [jorphan.jar:5.6.3]
	at org.apache.jorphan.reflect.ClassFinder.findClasses(ClassFinder.java:443) [jorphan.jar:5.6.3]
	at org.apache.jorphan.reflect.ClassFinder.findClassesThatExtend(ClassFinder.java:413) [jorphan.jar:5.6.3]
	at org.apache.jorphan.reflect.ClassFinder.findClassesThatExtend(ClassFinder.java:336) [jorphan.jar:5.6.3]
	at org.apache.jorphan.reflect.ClassFinder.findClassesThatExtend(ClassFinder.java:315) [jorphan.jar:5.6.3]
	at org.apache.jmeter.util.JMeterUtils.findClassesThatExtend(JMeterUtils.java:402) [ApacheJMeter_core.jar:5.6.3]
	at org.apache.jmeter.util.JMeterUtils.loadServicesAndScanJars(JMeterUtils.java:349) [ApacheJMeter_core.jar:5.6.3]
	at org.apache.jmeter.engine.util.CompoundVariable.<clinit>(CompoundVariable.java:73) [ApacheJMeter_core.jar:5.6.3]
	at org.apache.jmeter.engine.util.ValueReplacer.<init>(ValueReplacer.java:43) [ApacheJMeter_core.jar:5.6.3]
	at org.apache.jmeter.engine.PreCompiler.<init>(PreCompiler.java:54) [ApacheJMeter_core.jar:5.6.3]
	at org.apache.jmeter.engine.StandardJMeterEngine.run(StandardJMeterEngine.java:412) [ApacheJMeter_core.jar:5.6.3]
	at java.base/java.util.concurrent.Executors$RunnableAdapter.call(Executors.java:539) [?:?]
	at java.base/java.util.concurrent.FutureTask.run(FutureTask.java:264) [?:?]
	at java.base/java.util.concurrent.ThreadPoolExecutor.runWorker(ThreadPoolExecutor.java:1136) [?:?]
	at java.base/java.util.concurrent.ThreadPoolExecutor$Worker.run(ThreadPoolExecutor.java:635) [?:?]
	at java.base/java.lang.Thread.run(Thread.java:842) [?:?]
2025-02-26 12:19:04,978 ERROR o.a.j.r.ClassFinder: Error filtering class org.apache.tika.metadata.filter.FieldNameMappingFilter, it will be ignored
java.lang.IncompatibleClassChangeError: class org.apache.tika.metadata.filter.FieldNameMappingFilter has interface org.apache.tika.metadata.filter.MetadataFilter as super class
	at java.base/java.lang.ClassLoader.defineClass1(Native Method) ~[?:?]
	at java.base/java.lang.ClassLoader.defineClass(ClassLoader.java:1012) ~[?:?]
	at java.base/java.security.SecureClassLoader.defineClass(SecureClassLoader.java:150) ~[?:?]
	at java.base/java.net.URLClassLoader.defineClass(URLClassLoader.java:524) ~[?:?]
	at java.base/java.net.URLClassLoader$1.run(URLClassLoader.java:427) ~[?:?]
	at java.base/java.net.URLClassLoader$1.run(URLClassLoader.java:421) ~[?:?]
	at java.base/java.security.AccessController.doPrivileged(AccessController.java:712) ~[?:?]
	at java.base/java.net.URLClassLoader.findClass(URLClassLoader.java:420) ~[?:?]
	at java.base/java.lang.ClassLoader.loadClass(ClassLoader.java:587) ~[?:?]
	at java.base/java.lang.ClassLoader.loadClass(ClassLoader.java:520) ~[?:?]
	at java.base/java.lang.Class.forName0(Native Method) ~[?:?]
	at java.base/java.lang.Class.forName(Class.java:467) ~[?:?]
	at org.apache.jorphan.reflect.ClassFinder$ExtendsClassFilter.isChildOf(ClassFinder.java:198) ~[jorphan.jar:5.6.3]
	at org.apache.jorphan.reflect.ClassFinder$ExtendsClassFilter.accept(ClassFinder.java:184) ~[jorphan.jar:5.6.3]
	at org.apache.jorphan.reflect.ClassFinder.applyFiltering(ClassFinder.java:541) ~[jorphan.jar:5.6.3]
	at org.apache.jorphan.reflect.ClassFinder.lambda$findClassesInOnePath$2(ClassFinder.java:501) ~[jorphan.jar:5.6.3]
	at java.base/java.util.stream.ForEachOps$ForEachOp$OfRef.accept(ForEachOps.java:183) [?:?]
	at java.base/java.util.stream.ReferencePipeline$2$1.accept(ReferencePipeline.java:179) [?:?]
	at java.base/java.util.zip.ZipFile$EntrySpliterator.tryAdvance(ZipFile.java:567) [?:?]
	at java.base/java.util.Spliterator.forEachRemaining(Spliterator.java:332) [?:?]
	at java.base/java.util.stream.AbstractPipeline.copyInto(AbstractPipeline.java:509) [?:?]
	at java.base/java.util.stream.AbstractPipeline.wrapAndCopyInto(AbstractPipeline.java:499) [?:?]
	at java.base/java.util.stream.ForEachOps$ForEachOp.evaluateSequential(ForEachOps.java:150) [?:?]
	at java.base/java.util.stream.ForEachOps$ForEachOp$OfRef.evaluateSequential(ForEachOps.java:173) [?:?]
	at java.base/java.util.stream.AbstractPipeline.evaluate(AbstractPipeline.java:234) [?:?]
	at java.base/java.util.stream.ReferencePipeline.forEach(ReferencePipeline.java:596) [?:?]
	at org.apache.jorphan.reflect.ClassFinder.findClassesInOnePath(ClassFinder.java:499) [jorphan.jar:5.6.3]
	at org.apache.jorphan.reflect.ClassFinder.findClasses(ClassFinder.java:443) [jorphan.jar:5.6.3]
	at org.apache.jorphan.reflect.ClassFinder.findClassesThatExtend(ClassFinder.java:413) [jorphan.jar:5.6.3]
	at org.apache.jorphan.reflect.ClassFinder.findClassesThatExtend(ClassFinder.java:336) [jorphan.jar:5.6.3]
	at org.apache.jorphan.reflect.ClassFinder.findClassesThatExtend(ClassFinder.java:315) [jorphan.jar:5.6.3]
	at org.apache.jmeter.util.JMeterUtils.findClassesThatExtend(JMeterUtils.java:402) [ApacheJMeter_core.jar:5.6.3]
	at org.apache.jmeter.util.JMeterUtils.loadServicesAndScanJars(JMeterUtils.java:349) [ApacheJMeter_core.jar:5.6.3]
	at org.apache.jmeter.engine.util.CompoundVariable.<clinit>(CompoundVariable.java:73) [ApacheJMeter_core.jar:5.6.3]
	at org.apache.jmeter.engine.util.ValueReplacer.<init>(ValueReplacer.java:43) [ApacheJMeter_core.jar:5.6.3]
	at org.apache.jmeter.engine.PreCompiler.<init>(PreCompiler.java:54) [ApacheJMeter_core.jar:5.6.3]
	at org.apache.jmeter.engine.StandardJMeterEngine.run(StandardJMeterEngine.java:412) [ApacheJMeter_core.jar:5.6.3]
	at java.base/java.util.concurrent.Executors$RunnableAdapter.call(Executors.java:539) [?:?]
	at java.base/java.util.concurrent.FutureTask.run(FutureTask.java:264) [?:?]
	at java.base/java.util.concurrent.ThreadPoolExecutor.runWorker(ThreadPoolExecutor.java:1136) [?:?]
	at java.base/java.util.concurrent.ThreadPoolExecutor$Worker.run(ThreadPoolExecutor.java:635) [?:?]
	at java.base/java.lang.Thread.run(Thread.java:842) [?:?]
2025-02-26 12:19:05,037 INFO o.a.j.r.ClassFinder: Will scan jar C:\apache-jmeter-5.6.3\apache-jmeter-5.6.3\lib\ext\jmeter-plugins-csl-0.1.jar with filter ExtendsClassFilter [parents=[interface org.apache.jmeter.functions.Function], inner=false, contains=null, notContains=null]. Consider exposing JMeter plugins via META-INF/services, and add JMeter-Skip-Class-Scanning=true manifest attribute so JMeter can skip classfile scanning
2025-02-26 12:19:05,038 INFO o.a.j.r.ClassFinder: Will scan jar C:\apache-jmeter-5.6.3\apache-jmeter-5.6.3\lib\ext\jmeter-plugins-senseuploader-3.5.jar with filter ExtendsClassFilter [parents=[interface org.apache.jmeter.functions.Function], inner=false, contains=null, notContains=null]. Consider exposing JMeter plugins via META-INF/services, and add JMeter-Skip-Class-Scanning=true manifest attribute so JMeter can skip classfile scanning
2025-02-26 12:19:05,043 INFO o.a.j.r.ClassFinder: Will scan jar C:\apache-jmeter-5.6.3\apache-jmeter-5.6.3\lib\ext\jmeter-plugins-cohendeffectsize-1.2.2.jar with filter ExtendsClassFilter [parents=[interface org.apache.jmeter.functions.Function], inner=false, contains=null, notContains=null]. Consider exposing JMeter plugins via META-INF/services, and add JMeter-Skip-Class-Scanning=true manifest attribute so JMeter can skip classfile scanning
2025-02-26 12:19:05,045 INFO o.a.j.r.ClassFinder: Will scan jar C:\apache-jmeter-5.6.3\apache-jmeter-5.6.3\lib\ext\jmeter-bzm-rte-3.3.jar with filter ExtendsClassFilter [parents=[interface org.apache.jmeter.functions.Function], inner=false, contains=null, notContains=null]. Consider exposing JMeter plugins via META-INF/services, and add JMeter-Skip-Class-Scanning=true manifest attribute so JMeter can skip classfile scanning
2025-02-26 12:19:05,069 INFO o.a.j.r.ClassFinder: Will scan jar C:\apache-jmeter-5.6.3\apache-jmeter-5.6.3\lib\ext\jmeter-plugins-graphs-composite-2.0.jar with filter ExtendsClassFilter [parents=[interface org.apache.jmeter.functions.Function], inner=false, contains=null, notContains=null]. Consider exposing JMeter plugins via META-INF/services, and add JMeter-Skip-Class-Scanning=true manifest attribute so JMeter can skip classfile scanning
2025-02-26 12:19:05,072 INFO o.a.j.r.ClassFinder: Will scan jar C:\apache-jmeter-5.6.3\apache-jmeter-5.6.3\lib\ext\jmeter-bzm-correlation-recorder-2.6.jar with filter ExtendsClassFilter [parents=[interface org.apache.jmeter.functions.Function], inner=false, contains=null, notContains=null]. Consider exposing JMeter plugins via META-INF/services, and add JMeter-Skip-Class-Scanning=true manifest attribute so JMeter can skip classfile scanning
2025-02-26 12:19:05,135 INFO o.a.j.r.ClassFinder: Will scan jar C:\apache-jmeter-5.6.3\apache-jmeter-5.6.3\lib\ext\bzm-repositories-plugin-1.3.jar with filter ExtendsClassFilter [parents=[interface org.apache.jmeter.functions.Function], inner=false, contains=null, notContains=null]. Consider exposing JMeter plugins via META-INF/services, and add JMeter-Skip-Class-Scanning=true manifest attribute so JMeter can skip classfile scanning
2025-02-26 12:19:05,147 INFO o.a.j.r.ClassFinder: Will scan jar C:\apache-jmeter-5.6.3\apache-jmeter-5.6.3\lib\ext\jmeter-bzm-correlation-recorder-3.1.jar with filter ExtendsClassFilter [parents=[interface org.apache.jmeter.functions.Function], inner=false, contains=null, notContains=null]. Consider exposing JMeter plugins via META-INF/services, and add JMeter-Skip-Class-Scanning=true manifest attribute so JMeter can skip classfile scanning
2025-02-26 12:19:05,150 INFO o.a.j.r.ClassFinder: Will scan jar C:\apache-jmeter-5.6.3\apache-jmeter-5.6.3\lib\ext\jmeter-plugins-cohendeffectsize-1.2.0.jar with filter ExtendsClassFilter [parents=[interface org.apache.jmeter.functions.Function], inner=false, contains=null, notContains=null]. Consider exposing JMeter plugins via META-INF/services, and add JMeter-Skip-Class-Scanning=true manifest attribute so JMeter can skip classfile scanning
2025-02-26 12:19:05,150 INFO o.a.j.r.ClassFinder: Will scan jar C:\apache-jmeter-5.6.3\apache-jmeter-5.6.3\lib\ext\jmeter-plugins-casutg-3.0.jar with filter ExtendsClassFilter [parents=[interface org.apache.jmeter.functions.Function], inner=false, contains=null, notContains=null]. Consider exposing JMeter plugins via META-INF/services, and add JMeter-Skip-Class-Scanning=true manifest attribute so JMeter can skip classfile scanning
2025-02-26 12:19:05,150 INFO o.a.j.r.ClassFinder: Will scan jar C:\apache-jmeter-5.6.3\apache-jmeter-5.6.3\lib\ext\jmeter-plugins-modalitycovcheck-1.2.1.jar with filter ExtendsClassFilter [parents=[interface org.apache.jmeter.functions.Function], inner=false, contains=null, notContains=null]. Consider exposing JMeter plugins via META-INF/services, and add JMeter-Skip-Class-Scanning=true manifest attribute so JMeter can skip classfile scanning
2025-02-26 12:19:05,151 INFO o.a.j.r.ClassFinder: Will scan jar C:\apache-jmeter-5.6.3\apache-jmeter-5.6.3\lib\ext\jmeter-bzm-http2-2.0.5.jar with filter ExtendsClassFilter [parents=[interface org.apache.jmeter.functions.Function], inner=false, contains=null, notContains=null]. Consider exposing JMeter plugins via META-INF/services, and add JMeter-Skip-Class-Scanning=true manifest attribute so JMeter can skip classfile scanning
2025-02-26 12:19:05,163 INFO o.a.j.r.ClassFinder: Will scan jar C:\apache-jmeter-5.6.3\apache-jmeter-5.6.3\lib\ext\jmeter-plugins-manager-1.10.jar with filter ExtendsClassFilter [parents=[interface org.apache.jmeter.functions.Function], inner=false, contains=null, notContains=null]. Consider exposing JMeter plugins via META-INF/services, and add JMeter-Skip-Class-Scanning=true manifest attribute so JMeter can skip classfile scanning
2025-02-26 12:19:05,229 INFO o.a.j.r.ClassFinder: Will scan jar C:\apache-jmeter-5.6.3\apache-jmeter-5.6.3\lib\ext\bzm-repositories-plugin-1.2.jar with filter ExtendsClassFilter [parents=[interface org.apache.jmeter.functions.Function], inner=false, contains=null, notContains=null]. Consider exposing JMeter plugins via META-INF/services, and add JMeter-Skip-Class-Scanning=true manifest attribute so JMeter can skip classfile scanning
2025-02-26 12:19:05,229 INFO o.a.j.r.ClassFinder: Will scan jar C:\apache-jmeter-5.6.3\apache-jmeter-5.6.3\lib\ext\CustomSoapSampler-1.3.3.jar with filter ExtendsClassFilter [parents=[interface org.apache.jmeter.functions.Function], inner=false, contains=null, notContains=null]. Consider exposing JMeter plugins via META-INF/services, and add JMeter-Skip-Class-Scanning=true manifest attribute so JMeter can skip classfile scanning
2025-02-26 12:19:05,238 INFO o.a.j.JMeter: Running test (1740572345238)
2025-02-26 12:19:05,254 INFO o.a.j.e.StandardJMeterEngine: Starting ThreadGroup: 1 : Thread Group
2025-02-26 12:19:05,255 INFO o.a.j.e.StandardJMeterEngine: Starting 5 threads for group Thread Group.
2025-02-26 12:19:05,255 INFO o.a.j.e.StandardJMeterEngine: Thread will continue on error
2025-02-26 12:19:05,255 INFO o.a.j.t.ThreadGroup: Starting thread group... number=1 threads=5 ramp-up=1 delayedStart=false
2025-02-26 12:19:05,257 INFO o.a.j.t.JMeterThread: Thread started: Thread Group 1-1
2025-02-26 12:19:05,258 INFO o.a.j.t.ThreadGroup: Started thread group number 1
2025-02-26 12:19:05,258 INFO o.a.j.e.StandardJMeterEngine: All thread groups have been started
2025-02-26 12:19:05,263 INFO o.a.j.p.h.s.HTTPHCAbstractImpl: Local host = Michi
2025-02-26 12:19:05,265 INFO o.a.j.p.h.s.HTTPHC4Impl: HTTP request retry count = 0
2025-02-26 12:19:05,266 INFO o.a.j.s.SampleResult: Note: Sample TimeStamps are START times
2025-02-26 12:19:05,266 INFO o.a.j.s.SampleResult: sampleresult.default.encoding is set to UTF-8
2025-02-26 12:19:05,266 INFO o.a.j.s.SampleResult: sampleresult.useNanoTime=true
2025-02-26 12:19:05,266 INFO o.a.j.s.SampleResult: sampleresult.nanoThreadSleep=5000
2025-02-26 12:19:05,320 INFO o.a.j.r.Summariser: summary +      1 in 00:00:00 =   12.3/s Avg:    25 Min:    25 Max:    25 Err:     0 (0.00%) Active: 1 Started: 1 Finished: 0
2025-02-26 12:19:05,456 INFO o.a.j.t.JMeterThread: Thread started: Thread Group 1-2
2025-02-26 12:19:05,656 INFO o.a.j.t.JMeterThread: Thread started: Thread Group 1-3
2025-02-26 12:19:05,858 INFO o.a.j.t.JMeterThread: Thread started: Thread Group 1-4
2025-02-26 12:19:06,055 INFO o.a.j.t.JMeterThread: Thread started: Thread Group 1-5
2025-02-26 12:19:30,009 INFO o.a.j.r.Summariser: summary +   8561 in 00:00:25 =  346.8/s Avg:    14 Min:     1 Max:    99 Err:     0 (0.00%) Active: 5 Started: 5 Finished: 0
2025-02-26 12:19:30,009 INFO o.a.j.r.Summariser: summary =   8562 in 00:00:25 =  345.6/s Avg:    14 Min:     1 Max:    99 Err:     0 (0.00%)
2025-02-26 12:20:00,007 INFO o.a.j.r.Summariser: summary +  18892 in 00:00:30 =  629.8/s Avg:     7 Min:     1 Max:   176 Err:     0 (0.00%) Active: 5 Started: 5 Finished: 0
2025-02-26 12:20:00,007 INFO o.a.j.r.Summariser: summary =  27454 in 00:00:55 =  501.3/s Avg:     9 Min:     1 Max:   176 Err:     0 (0.00%)
2025-02-26 12:20:30,005 INFO o.a.j.r.Summariser: summary +  49383 in 00:00:30 = 1646.2/s Avg:     3 Min:     1 Max:    85 Err:     0 (0.00%) Active: 5 Started: 5 Finished: 0
2025-02-26 12:20:30,005 INFO o.a.j.r.Summariser: summary =  76837 in 00:01:25 =  906.5/s Avg:     5 Min:     1 Max:   176 Err:     0 (0.00%)
2025-02-26 12:21:00,003 INFO o.a.j.r.Summariser: summary +  52595 in 00:00:30 = 1753.3/s Avg:     2 Min:     1 Max:    83 Err:     0 (0.00%) Active: 5 Started: 5 Finished: 0
2025-02-26 12:21:00,004 INFO o.a.j.r.Summariser: summary = 129432 in 00:01:55 = 1127.8/s Avg:     4 Min:     1 Max:   176 Err:     0 (0.00%)
2025-02-26 12:21:30,002 INFO o.a.j.r.Summariser: summary +  51594 in 00:00:30 = 1719.9/s Avg:     2 Min:     1 Max:    88 Err:     0 (0.00%) Active: 5 Started: 5 Finished: 0
2025-02-26 12:21:30,002 INFO o.a.j.r.Summariser: summary = 181026 in 00:02:25 = 1250.5/s Avg:     3 Min:     1 Max:   176 Err:     0 (0.00%)
2025-02-26 12:22:00,000 INFO o.a.j.r.Summariser: summary +  51995 in 00:00:30 = 1733.3/s Avg:     2 Min:     1 Max:    84 Err:     0 (0.00%) Active: 5 Started: 5 Finished: 0
2025-02-26 12:22:00,000 INFO o.a.j.r.Summariser: summary = 233021 in 00:02:55 = 1333.4/s Avg:     3 Min:     1 Max:   176 Err:     0 (0.00%)
2025-02-26 12:22:30,000 INFO o.a.j.r.Summariser: summary +  52833 in 00:00:30 = 1761.1/s Avg:     2 Min:     1 Max:    84 Err:     0 (0.00%) Active: 5 Started: 5 Finished: 0
2025-02-26 12:22:30,001 INFO o.a.j.r.Summariser: summary = 285854 in 00:03:25 = 1396.0/s Avg:     3 Min:     1 Max:   176 Err:     0 (0.00%)
2025-02-26 12:23:00,000 INFO o.a.j.r.Summariser: summary +  52361 in 00:00:30 = 1745.4/s Avg:     2 Min:     1 Max:    85 Err:     0 (0.00%) Active: 5 Started: 5 Finished: 0
2025-02-26 12:23:00,000 INFO o.a.j.r.Summariser: summary = 338215 in 00:03:55 = 1440.7/s Avg:     3 Min:     1 Max:   176 Err:     0 (0.00%)
2025-02-26 12:23:30,000 INFO o.a.j.r.Summariser: summary +  52717 in 00:00:30 = 1757.2/s Avg:     2 Min:     1 Max:    84 Err:     0 (0.00%) Active: 5 Started: 5 Finished: 0
2025-02-26 12:23:30,001 INFO o.a.j.r.Summariser: summary = 390932 in 00:04:25 = 1476.5/s Avg:     3 Min:     1 Max:   176 Err:     0 (0.00%)
2025-02-26 12:24:00,001 INFO o.a.j.r.Summariser: summary +  52484 in 00:00:30 = 1749.5/s Avg:     2 Min:     1 Max:    78 Err:     0 (0.00%) Active: 5 Started: 5 Finished: 0
2025-02-26 12:24:00,001 INFO o.a.j.r.Summariser: summary = 443416 in 00:04:55 = 1504.3/s Avg:     3 Min:     1 Max:   176 Err:     0 (0.00%)
2025-02-26 12:24:03,618 INFO o.a.j.t.JMeterThread: Thread is done: Thread Group 1-1
2025-02-26 12:24:03,618 INFO o.a.j.t.JMeterThread: Thread finished: Thread Group 1-1
2025-02-26 12:24:03,660 INFO o.a.j.t.JMeterThread: Thread is done: Thread Group 1-5
2025-02-26 12:24:03,660 INFO o.a.j.t.JMeterThread: Thread finished: Thread Group 1-5
2025-02-26 12:24:03,720 INFO o.a.j.t.JMeterThread: Thread is done: Thread Group 1-2
2025-02-26 12:24:03,720 INFO o.a.j.t.JMeterThread: Thread finished: Thread Group 1-2
2025-02-26 12:24:03,784 INFO o.a.j.t.JMeterThread: Thread is done: Thread Group 1-4
2025-02-26 12:24:03,784 INFO o.a.j.t.JMeterThread: Thread finished: Thread Group 1-4
2025-02-26 12:24:03,815 INFO o.a.j.t.JMeterThread: Thread is done: Thread Group 1-3
2025-02-26 12:24:03,815 INFO o.a.j.t.JMeterThread: Thread finished: Thread Group 1-3
2025-02-26 12:24:03,815 INFO o.a.j.e.StandardJMeterEngine: Notifying test listeners of end of test
2025-02-26 12:24:03,816 INFO o.a.j.r.Summariser: summary +   6584 in 00:00:04 = 1726.3/s Avg:     2 Min:     1 Max:    84 Err:     0 (0.00%) Active: 0 Started: 5 Finished: 5
2025-02-26 12:24:03,816 INFO o.a.j.r.Summariser: summary = 450000 in 00:04:59 = 1507.1/s Avg:     3 Min:     1 Max:   176 Err:     0 (0.00%)
