2025-02-26 16:56:47,290 INFO o.a.j.u.JMeterUtils: Setting Locale to en_EN
2025-02-26 16:56:47,329 INFO o.a.j.JMeter: Loading user properties from: /home/michi/.config/apache-jmeter-5.6.3/bin/user.properties
2025-02-26 16:56:47,329 INFO o.a.j.JMeter: Loading system properties from: /home/michi/.config/apache-jmeter-5.6.3/bin/system.properties
2025-02-26 16:56:47,339 INFO o.a.j.JMeter: Copyright (c) 1998-2024 The Apache Software Foundation
2025-02-26 16:56:47,339 INFO o.a.j.JMeter: Version 5.6.3
2025-02-26 16:56:47,340 INFO o.a.j.JMeter: java.version=17.0.14
2025-02-26 16:56:47,340 INFO o.a.j.JMeter: java.vm.name=OpenJDK 64-Bit Server VM
2025-02-26 16:56:47,340 INFO o.a.j.JMeter: os.name=Linux
2025-02-26 16:56:47,340 INFO o.a.j.JMeter: os.arch=amd64
2025-02-26 16:56:47,340 INFO o.a.j.JMeter: os.version=6.11.0-17-generic
2025-02-26 16:56:47,340 INFO o.a.j.JMeter: file.encoding=UTF-8
2025-02-26 16:56:47,340 INFO o.a.j.JMeter: java.awt.headless=true
2025-02-26 16:56:47,340 INFO o.a.j.JMeter: Max memory     =1073741824
2025-02-26 16:56:47,341 INFO o.a.j.JMeter: Available Processors =16
2025-02-26 16:56:47,361 INFO o.a.j.JMeter: Default Locale=English (EN)
2025-02-26 16:56:47,362 INFO o.a.j.JMeter: JMeter  Locale=English (EN)
2025-02-26 16:56:47,362 INFO o.a.j.JMeter: JMeterHome=/home/michi/.config/apache-jmeter-5.6.3
2025-02-26 16:56:47,362 INFO o.a.j.JMeter: user.dir  =/home/michi/Documents/DISSERTAÇÃO/Comparing_JSON_and_ProtoBuf_in_HTTP-based-_REST_architectures/Control_Project_JSON/Jmeter/json_create_review
2025-02-26 16:56:47,363 INFO o.a.j.JMeter: PWD       =/home/michi/Documents/DISSERTAÇÃO/Comparing_JSON_and_ProtoBuf_in_HTTP-based-_REST_architectures/Control_Project_JSON/Jmeter/json_create_review
2025-02-26 16:56:47,363 INFO o.a.j.JMeter: IP: 127.0.1.1 Name: michi FullName: michi
2025-02-26 16:56:47,385 INFO o.a.j.JMeter: Setting property 'jmeter.reportgenerator.outputdir' to:'/home/michi/Documents/DISSERTAÇÃO/Comparing_JSON_and_ProtoBuf_in_HTTP-based-_REST_architectures/Control_Project_JSON/Jmeter/json_create_review/json_create_review_reports_3'
2025-02-26 16:56:47,390 INFO o.a.j.s.FileServer: Default base='/home/michi/Documents/DISSERTAÇÃO/Comparing_JSON_and_ProtoBuf_in_HTTP-based-_REST_architectures/Control_Project_JSON/Jmeter/json_create_review'
2025-02-26 16:56:47,396 INFO o.a.j.s.FileServer: Set new base='/home/michi/Documents/DISSERTAÇÃO/Comparing_JSON_and_ProtoBuf_in_HTTP-based-_REST_architectures/Control_Project_JSON/Jmeter/json_create_review'
2025-02-26 16:56:47,698 INFO o.a.j.s.SaveService: Testplan (JMX) version: 2.2. Testlog (JTL) version: 2.2
2025-02-26 16:56:47,743 INFO o.a.j.s.SaveService: Using SaveService properties version 5.0
2025-02-26 16:56:47,749 INFO o.a.j.s.SaveService: Using SaveService properties file encoding UTF-8
2025-02-26 16:56:47,756 INFO o.a.j.s.SaveService: Loading file: json_create_review.jmx
2025-02-26 16:56:47,855 INFO o.a.j.p.h.s.HTTPSamplerBase: Parser for text/html is org.apache.jmeter.protocol.http.parser.LagartoBasedHtmlParser
2025-02-26 16:56:47,856 INFO o.a.j.p.h.s.HTTPSamplerBase: Parser for application/xhtml+xml is org.apache.jmeter.protocol.http.parser.LagartoBasedHtmlParser
2025-02-26 16:56:47,856 INFO o.a.j.p.h.s.HTTPSamplerBase: Parser for application/xml is org.apache.jmeter.protocol.http.parser.LagartoBasedHtmlParser
2025-02-26 16:56:47,856 INFO o.a.j.p.h.s.HTTPSamplerBase: Parser for text/xml is org.apache.jmeter.protocol.http.parser.LagartoBasedHtmlParser
2025-02-26 16:56:47,856 INFO o.a.j.p.h.s.HTTPSamplerBase: Parser for text/vnd.wap.wml is org.apache.jmeter.protocol.http.parser.RegexpHTMLParser
2025-02-26 16:56:47,856 INFO o.a.j.p.h.s.HTTPSamplerBase: Parser for text/css is org.apache.jmeter.protocol.http.parser.CssParser
2025-02-26 16:56:47,928 INFO o.a.j.JMeter: Creating summariser <summary>
2025-02-26 16:56:47,937 INFO o.a.j.r.d.ReportGenerator: ReportGenerator will use for Parsing the separator: ','
2025-02-26 16:56:47,937 INFO o.a.j.r.d.ReportGenerator: Will generate report at end of test from  results file: json_create_review_reports_3/json_create_review_3.csv
2025-02-26 16:56:47,938 INFO o.a.j.r.d.ReportGenerator: Reading report generator properties from: /home/michi/.config/apache-jmeter-5.6.3/bin/reportgenerator.properties
2025-02-26 16:56:47,939 INFO o.a.j.r.d.ReportGenerator: Merging with JMeter properties
2025-02-26 16:56:47,947 INFO o.a.j.r.c.ReportGeneratorConfiguration: Property 'jmeter.reportgenerator.temp_dir' not found, using default value 'temp' instead.
2025-02-26 16:56:47,951 INFO o.a.j.r.c.ReportGeneratorConfiguration: Property 'jmeter.reportgenerator.apdex_per_transaction' not found, using default value 'null' instead.
2025-02-26 16:56:47,951 INFO o.a.j.r.c.ReportGeneratorConfiguration: apdex_per_transaction is empty, not APDEX per transaction customization
2025-02-26 16:56:47,951 INFO o.a.j.r.c.ReportGeneratorConfiguration: Property 'jmeter.reportgenerator.sample_filter' not found, using default value 'null' instead.
2025-02-26 16:56:47,952 INFO o.a.j.r.c.ReportGeneratorConfiguration: Property 'jmeter.reportgenerator.report_title' not found, using default value 'null' instead.
2025-02-26 16:56:47,952 INFO o.a.j.r.c.ReportGeneratorConfiguration: Property 'jmeter.reportgenerator.start_date' not found, using default value 'null' instead.
2025-02-26 16:56:47,953 INFO o.a.j.r.c.ReportGeneratorConfiguration: Property 'jmeter.reportgenerator.end_date' not found, using default value 'null' instead.
2025-02-26 16:56:47,953 INFO o.a.j.r.c.ReportGeneratorConfiguration: Property 'jmeter.reportgenerator.date_format' not found, using default value 'null' instead.
2025-02-26 16:56:47,955 INFO o.a.j.r.c.ReportGeneratorConfiguration: Will use date range start date: null, end date: null
2025-02-26 16:56:47,963 INFO o.a.j.r.c.ReportGeneratorConfiguration: Property 'jmeter.reportgenerator.graph.totalTPS.exclude_controllers' not found, using default value 'false' instead.
2025-02-26 16:56:47,963 INFO o.a.j.r.c.ReportGeneratorConfiguration: Property 'jmeter.reportgenerator.graph.activeThreadsOverTime.exclude_controllers' not found, using default value 'false' instead.
2025-02-26 16:56:47,963 INFO o.a.j.r.c.ReportGeneratorConfiguration: Property 'jmeter.reportgenerator.graph.timeVsThreads.exclude_controllers' not found, using default value 'false' instead.
2025-02-26 16:56:47,964 INFO o.a.j.r.c.ReportGeneratorConfiguration: Property 'jmeter.reportgenerator.graph.responseTimeDistribution.exclude_controllers' not found, using default value 'false' instead.
2025-02-26 16:56:47,964 INFO o.a.j.r.c.ReportGeneratorConfiguration: Property 'jmeter.reportgenerator.graph.transactionsPerSecond.exclude_controllers' not found, using default value 'false' instead.
2025-02-26 16:56:47,964 INFO o.a.j.r.c.ReportGeneratorConfiguration: Property 'jmeter.reportgenerator.graph.responseTimePercentiles.exclude_controllers' not found, using default value 'false' instead.
2025-02-26 16:56:47,965 INFO o.a.j.r.c.ReportGeneratorConfiguration: Property 'jmeter.reportgenerator.graph.responseTimePercentilesOverTime.exclude_controllers' not found, using default value 'false' instead.
2025-02-26 16:56:47,965 INFO o.a.j.r.c.ReportGeneratorConfiguration: Property 'jmeter.reportgenerator.graph.responseTimesOverTime.exclude_controllers' not found, using default value 'false' instead.
2025-02-26 16:56:47,965 INFO o.a.j.r.c.ReportGeneratorConfiguration: Property 'jmeter.reportgenerator.graph.connectTimeOverTime.exclude_controllers' not found, using default value 'false' instead.
2025-02-26 16:56:47,966 INFO o.a.j.r.c.ReportGeneratorConfiguration: Property 'jmeter.reportgenerator.graph.latenciesOverTime.exclude_controllers' not found, using default value 'false' instead.
2025-02-26 16:56:47,967 INFO o.a.j.r.c.ReportGeneratorConfiguration: Property 'jmeter.reportgenerator.exporter.json.filters_only_sample_series' not found, using default value 'true' instead.
2025-02-26 16:56:47,967 INFO o.a.j.r.c.ReportGeneratorConfiguration: Property 'jmeter.reportgenerator.exporter.json.series_filter' not found, using default value '' instead.
2025-02-26 16:56:47,967 INFO o.a.j.r.c.ReportGeneratorConfiguration: Property 'jmeter.reportgenerator.exporter.json.show_controllers_only' not found, using default value 'false' instead.
2025-02-26 16:56:47,968 INFO o.a.j.r.c.ReportGeneratorConfiguration: Property 'jmeter.reportgenerator.exporter.html.filters_only_sample_series' not found, using default value 'true' instead.
2025-02-26 16:56:47,968 INFO o.a.j.r.c.ReportGeneratorConfiguration: Property 'jmeter.reportgenerator.exporter.html.series_filter' not found, using default value '' instead.
2025-02-26 16:56:47,968 INFO o.a.j.r.c.ReportGeneratorConfiguration: Property 'jmeter.reportgenerator.exporter.html.show_controllers_only' not found, using default value 'false' instead.
2025-02-26 16:56:47,995 INFO o.a.j.e.StandardJMeterEngine: Running the test!
2025-02-26 16:56:47,998 INFO o.a.j.s.SampleEvent: List of sample_variables: []
2025-02-26 16:56:47,998 INFO o.a.j.s.SampleEvent: List of sample_variables: []
2025-02-26 16:56:48,009 INFO o.a.j.e.u.CompoundVariable: Note: Function class names must contain the string: '.functions.'
2025-02-26 16:56:48,009 INFO o.a.j.e.u.CompoundVariable: Note: Function class names must not contain the string: '.gui.'
2025-02-26 16:56:48,110 INFO o.a.j.r.ClassFinder: Will scan jar /home/michi/.config/apache-jmeter-5.6.3/lib/ext/jmeter-plugins-manager-1.10.jar with filter ExtendsClassFilter [parents=[interface org.apache.jmeter.functions.Function], inner=false, contains=null, notContains=null]. Consider exposing JMeter plugins via META-INF/services, and add JMeter-Skip-Class-Scanning=true manifest attribute so JMeter can skip classfile scanning
2025-02-26 16:56:48,245 INFO o.a.j.JMeter: Running test (1740589008245)
2025-02-26 16:56:48,273 INFO o.a.j.e.StandardJMeterEngine: Starting ThreadGroup: 1 : Thread Group
2025-02-26 16:56:48,274 INFO o.a.j.e.StandardJMeterEngine: Starting 1 threads for group Thread Group.
2025-02-26 16:56:48,274 INFO o.a.j.e.StandardJMeterEngine: Thread will continue on error
2025-02-26 16:56:48,275 INFO o.a.j.t.ThreadGroup: Starting thread group... number=1 threads=1 ramp-up=1 delayedStart=false
2025-02-26 16:56:48,282 INFO o.a.j.t.ThreadGroup: Started thread group number 1
2025-02-26 16:56:48,282 INFO o.a.j.e.StandardJMeterEngine: All thread groups have been started
2025-02-26 16:56:48,287 INFO o.a.j.t.JMeterThread: Thread started: Thread Group 1-1
2025-02-26 16:56:48,315 INFO o.a.j.p.h.s.HTTPHCAbstractImpl: Local host = michi
2025-02-26 16:56:48,324 INFO o.a.j.p.h.s.HTTPHC4Impl: HTTP request retry count = 0
2025-02-26 16:56:48,326 INFO o.a.j.s.SampleResult: Note: Sample TimeStamps are START times
2025-02-26 16:56:48,327 INFO o.a.j.s.SampleResult: sampleresult.default.encoding is set to UTF-8
2025-02-26 16:56:48,327 INFO o.a.j.s.SampleResult: sampleresult.useNanoTime=true
2025-02-26 16:56:48,327 INFO o.a.j.s.SampleResult: sampleresult.nanoThreadSleep=5000
2025-02-26 16:56:49,521 INFO o.a.j.u.JsseSSLManager: Using default SSL protocol: TLS
2025-02-26 16:56:49,522 INFO o.a.j.u.JsseSSLManager: SSL session context: per-thread
2025-02-26 16:57:00,094 INFO o.a.j.r.Summariser: summary +     43 in 00:00:12 =    3.6/s Avg:   269 Min:   147 Max:  1093 Err:     0 (0.00%) Active: 1 Started: 1 Finished: 0
2025-02-26 16:57:30,343 INFO o.a.j.r.Summariser: summary +    111 in 00:00:30 =    3.7/s Avg:   271 Min:   140 Max:   824 Err:     0 (0.00%) Active: 1 Started: 1 Finished: 0
2025-02-26 16:57:30,344 INFO o.a.j.r.Summariser: summary =    154 in 00:00:42 =    3.7/s Avg:   270 Min:   140 Max:  1093 Err:     0 (0.00%)
2025-02-26 16:58:00,700 INFO o.a.j.r.Summariser: summary +    110 in 00:00:30 =    3.6/s Avg:   274 Min:   147 Max:   967 Err:     0 (0.00%) Active: 1 Started: 1 Finished: 0
2025-02-26 16:58:00,701 INFO o.a.j.r.Summariser: summary =    264 in 00:01:12 =    3.6/s Avg:   272 Min:   140 Max:  1093 Err:     0 (0.00%)
2025-02-26 16:58:30,147 INFO o.a.j.r.Summariser: summary +    102 in 00:00:29 =    3.5/s Avg:   287 Min:   155 Max:  1259 Err:     0 (0.00%) Active: 1 Started: 1 Finished: 0
2025-02-26 16:58:30,147 INFO o.a.j.r.Summariser: summary =    366 in 00:01:42 =    3.6/s Avg:   276 Min:   140 Max:  1259 Err:     0 (0.00%)
2025-02-26 16:59:00,154 INFO o.a.j.r.Summariser: summary +    108 in 00:00:30 =    3.6/s Avg:   276 Min:   141 Max:   733 Err:     0 (0.00%) Active: 1 Started: 1 Finished: 0
2025-02-26 16:59:00,154 INFO o.a.j.r.Summariser: summary =    474 in 00:02:12 =    3.6/s Avg:   276 Min:   140 Max:  1259 Err:     0 (0.00%)
2025-02-26 16:59:30,169 INFO o.a.j.r.Summariser: summary +    114 in 00:00:30 =    3.8/s Avg:   262 Min:   133 Max:   928 Err:     0 (0.00%) Active: 1 Started: 1 Finished: 0
2025-02-26 16:59:30,170 INFO o.a.j.r.Summariser: summary =    588 in 00:02:42 =    3.6/s Avg:   274 Min:   133 Max:  1259 Err:     0 (0.00%)
2025-02-26 17:00:00,152 INFO o.a.j.r.Summariser: summary +    109 in 00:00:30 =    3.6/s Avg:   274 Min:   134 Max:  1016 Err:     0 (0.00%) Active: 1 Started: 1 Finished: 0
2025-02-26 17:00:00,153 INFO o.a.j.r.Summariser: summary =    697 in 00:03:12 =    3.6/s Avg:   274 Min:   133 Max:  1259 Err:     0 (0.00%)
2025-02-26 17:00:30,367 INFO o.a.j.r.Summariser: summary +    110 in 00:00:30 =    3.6/s Avg:   274 Min:   135 Max:   726 Err:     0 (0.00%) Active: 1 Started: 1 Finished: 0
2025-02-26 17:00:30,368 INFO o.a.j.r.Summariser: summary =    807 in 00:03:42 =    3.6/s Avg:   274 Min:   133 Max:  1259 Err:     0 (0.00%)
2025-02-26 17:01:00,063 INFO o.a.j.r.Summariser: summary +    109 in 00:00:30 =    3.7/s Avg:   271 Min:   134 Max:   954 Err:     0 (0.00%) Active: 1 Started: 1 Finished: 0
2025-02-26 17:01:00,064 INFO o.a.j.r.Summariser: summary =    916 in 00:04:12 =    3.6/s Avg:   273 Min:   133 Max:  1259 Err:     0 (0.00%)
2025-02-26 17:01:30,053 INFO o.a.j.r.Summariser: summary +    127 in 00:00:30 =    4.2/s Avg:   235 Min:   125 Max:   600 Err:     0 (0.00%) Active: 1 Started: 1 Finished: 0
2025-02-26 17:01:30,054 INFO o.a.j.r.Summariser: summary =   1043 in 00:04:42 =    3.7/s Avg:   269 Min:   125 Max:  1259 Err:     0 (0.00%)
2025-02-26 17:02:00,002 INFO o.a.j.r.Summariser: summary +    135 in 00:00:30 =    4.5/s Avg:   221 Min:   126 Max:   555 Err:     0 (0.00%) Active: 1 Started: 1 Finished: 0
2025-02-26 17:02:00,003 INFO o.a.j.r.Summariser: summary =   1178 in 00:05:12 =    3.8/s Avg:   263 Min:   125 Max:  1259 Err:     0 (0.00%)
2025-02-26 17:02:30,161 INFO o.a.j.r.Summariser: summary +    137 in 00:00:30 =    4.5/s Avg:   219 Min:   126 Max:   412 Err:     0 (0.00%) Active: 1 Started: 1 Finished: 0
2025-02-26 17:02:30,161 INFO o.a.j.r.Summariser: summary =   1315 in 00:05:42 =    3.8/s Avg:   259 Min:   125 Max:  1259 Err:     0 (0.00%)
2025-02-26 17:03:00,166 INFO o.a.j.r.Summariser: summary +    138 in 00:00:30 =    4.6/s Avg:   216 Min:   125 Max:   310 Err:     0 (0.00%) Active: 1 Started: 1 Finished: 0
2025-02-26 17:03:00,167 INFO o.a.j.r.Summariser: summary =   1453 in 00:06:12 =    3.9/s Avg:   255 Min:   125 Max:  1259 Err:     0 (0.00%)
2025-02-26 17:03:30,170 INFO o.a.j.r.Summariser: summary +    143 in 00:00:30 =    4.8/s Avg:   209 Min:   127 Max:   511 Err:     0 (0.00%) Active: 1 Started: 1 Finished: 0
2025-02-26 17:03:30,171 INFO o.a.j.r.Summariser: summary =   1596 in 00:06:42 =    4.0/s Avg:   250 Min:   125 Max:  1259 Err:     0 (0.00%)
2025-02-26 17:04:00,076 INFO o.a.j.r.Summariser: summary +    136 in 00:00:30 =    4.5/s Avg:   219 Min:   125 Max:   315 Err:     0 (0.00%) Active: 1 Started: 1 Finished: 0
2025-02-26 17:04:00,077 INFO o.a.j.r.Summariser: summary =   1732 in 00:07:12 =    4.0/s Avg:   248 Min:   125 Max:  1259 Err:     0 (0.00%)
2025-02-26 17:04:30,076 INFO o.a.j.r.Summariser: summary +    139 in 00:00:30 =    4.6/s Avg:   215 Min:   124 Max:   411 Err:     0 (0.00%) Active: 1 Started: 1 Finished: 0
2025-02-26 17:04:30,077 INFO o.a.j.r.Summariser: summary =   1871 in 00:07:42 =    4.1/s Avg:   246 Min:   124 Max:  1259 Err:     0 (0.00%)
2025-02-26 17:05:00,180 INFO o.a.j.r.Summariser: summary +    140 in 00:00:30 =    4.7/s Avg:   214 Min:   125 Max:   311 Err:     0 (0.00%) Active: 1 Started: 1 Finished: 0
2025-02-26 17:05:00,181 INFO o.a.j.r.Summariser: summary =   2011 in 00:08:12 =    4.1/s Avg:   243 Min:   124 Max:  1259 Err:     0 (0.00%)
2025-02-26 17:05:30,185 INFO o.a.j.r.Summariser: summary +    139 in 00:00:30 =    4.6/s Avg:   215 Min:   128 Max:   309 Err:     0 (0.00%) Active: 1 Started: 1 Finished: 0
2025-02-26 17:05:30,186 INFO o.a.j.r.Summariser: summary =   2150 in 00:08:42 =    4.1/s Avg:   241 Min:   124 Max:  1259 Err:     0 (0.00%)
2025-02-26 17:06:00,187 INFO o.a.j.r.Summariser: summary +    138 in 00:00:30 =    4.6/s Avg:   216 Min:   126 Max:   315 Err:     0 (0.00%) Active: 1 Started: 1 Finished: 0
2025-02-26 17:06:00,188 INFO o.a.j.r.Summariser: summary =   2288 in 00:09:12 =    4.1/s Avg:   240 Min:   124 Max:  1259 Err:     0 (0.00%)
2025-02-26 17:06:30,089 INFO o.a.j.r.Summariser: summary +    138 in 00:00:30 =    4.6/s Avg:   216 Min:   124 Max:   313 Err:     0 (0.00%) Active: 1 Started: 1 Finished: 0
2025-02-26 17:06:30,090 INFO o.a.j.r.Summariser: summary =   2426 in 00:09:42 =    4.2/s Avg:   239 Min:   124 Max:  1259 Err:     0 (0.00%)
2025-02-26 17:07:00,094 INFO o.a.j.r.Summariser: summary +    144 in 00:00:30 =    4.8/s Avg:   207 Min:   123 Max:   311 Err:     0 (0.00%) Active: 1 Started: 1 Finished: 0
2025-02-26 17:07:00,095 INFO o.a.j.r.Summariser: summary =   2570 in 00:10:12 =    4.2/s Avg:   237 Min:   123 Max:  1259 Err:     0 (0.00%)
2025-02-26 17:07:30,100 INFO o.a.j.r.Summariser: summary +    137 in 00:00:30 =    4.6/s Avg:   218 Min:   124 Max:   613 Err:     0 (0.00%) Active: 1 Started: 1 Finished: 0
2025-02-26 17:07:30,101 INFO o.a.j.r.Summariser: summary =   2707 in 00:10:42 =    4.2/s Avg:   236 Min:   123 Max:  1259 Err:     0 (0.00%)
2025-02-26 17:08:00,078 INFO o.a.j.r.Summariser: summary +    137 in 00:00:30 =    4.6/s Avg:   218 Min:   127 Max:   316 Err:     0 (0.00%) Active: 1 Started: 1 Finished: 0
2025-02-26 17:08:00,079 INFO o.a.j.r.Summariser: summary =   2844 in 00:11:12 =    4.2/s Avg:   235 Min:   123 Max:  1259 Err:     0 (0.00%)
2025-02-26 17:08:30,181 INFO o.a.j.r.Summariser: summary +    139 in 00:00:30 =    4.6/s Avg:   216 Min:   126 Max:   409 Err:     0 (0.00%) Active: 1 Started: 1 Finished: 0
2025-02-26 17:08:30,182 INFO o.a.j.r.Summariser: summary =   2983 in 00:11:42 =    4.2/s Avg:   234 Min:   123 Max:  1259 Err:     0 (0.00%)
2025-02-26 17:09:00,090 INFO o.a.j.r.Summariser: summary +    141 in 00:00:30 =    4.7/s Avg:   211 Min:   123 Max:   412 Err:     0 (0.00%) Active: 1 Started: 1 Finished: 0
2025-02-26 17:09:00,091 INFO o.a.j.r.Summariser: summary =   3124 in 00:12:12 =    4.3/s Avg:   233 Min:   123 Max:  1259 Err:     0 (0.00%)
2025-02-26 17:09:30,298 INFO o.a.j.r.Summariser: summary +    138 in 00:00:30 =    4.6/s Avg:   218 Min:   126 Max:   311 Err:     0 (0.00%) Active: 1 Started: 1 Finished: 0
2025-02-26 17:09:30,298 INFO o.a.j.r.Summariser: summary =   3262 in 00:12:42 =    4.3/s Avg:   232 Min:   123 Max:  1259 Err:     0 (0.00%)
2025-02-26 17:10:00,201 INFO o.a.j.r.Summariser: summary +    138 in 00:00:30 =    4.6/s Avg:   216 Min:   124 Max:   410 Err:     0 (0.00%) Active: 1 Started: 1 Finished: 0
2025-02-26 17:10:00,201 INFO o.a.j.r.Summariser: summary =   3400 in 00:13:12 =    4.3/s Avg:   232 Min:   123 Max:  1259 Err:     0 (0.00%)
2025-02-26 17:10:30,107 INFO o.a.j.r.Summariser: summary +    136 in 00:00:30 =    4.5/s Avg:   219 Min:   129 Max:   311 Err:     0 (0.00%) Active: 1 Started: 1 Finished: 0
2025-02-26 17:10:30,108 INFO o.a.j.r.Summariser: summary =   3536 in 00:13:42 =    4.3/s Avg:   231 Min:   123 Max:  1259 Err:     0 (0.00%)
2025-02-26 17:11:00,118 INFO o.a.j.r.Summariser: summary +    141 in 00:00:30 =    4.7/s Avg:   212 Min:   125 Max:   311 Err:     0 (0.00%) Active: 1 Started: 1 Finished: 0
2025-02-26 17:11:00,118 INFO o.a.j.r.Summariser: summary =   3677 in 00:14:12 =    4.3/s Avg:   231 Min:   123 Max:  1259 Err:     0 (0.00%)
2025-02-26 17:11:30,018 INFO o.a.j.r.Summariser: summary +    139 in 00:00:30 =    4.6/s Avg:   214 Min:   128 Max:   409 Err:     0 (0.00%) Active: 1 Started: 1 Finished: 0
2025-02-26 17:11:30,019 INFO o.a.j.r.Summariser: summary =   3816 in 00:14:42 =    4.3/s Avg:   230 Min:   123 Max:  1259 Err:     0 (0.00%)
2025-02-26 17:12:00,019 INFO o.a.j.r.Summariser: summary +    138 in 00:00:30 =    4.6/s Avg:   216 Min:   125 Max:   326 Err:     0 (0.00%) Active: 1 Started: 1 Finished: 0
2025-02-26 17:12:00,020 INFO o.a.j.r.Summariser: summary =   3954 in 00:15:12 =    4.3/s Avg:   229 Min:   123 Max:  1259 Err:     0 (0.00%)
2025-02-26 17:12:30,125 INFO o.a.j.r.Summariser: summary +    138 in 00:00:30 =    4.6/s Avg:   217 Min:   124 Max:   318 Err:     0 (0.00%) Active: 1 Started: 1 Finished: 0
2025-02-26 17:12:30,126 INFO o.a.j.r.Summariser: summary =   4092 in 00:15:42 =    4.3/s Avg:   229 Min:   123 Max:  1259 Err:     0 (0.00%)
2025-02-26 17:13:00,130 INFO o.a.j.r.Summariser: summary +    137 in 00:00:30 =    4.6/s Avg:   218 Min:   126 Max:   408 Err:     0 (0.00%) Active: 1 Started: 1 Finished: 0
2025-02-26 17:13:00,131 INFO o.a.j.r.Summariser: summary =   4229 in 00:16:12 =    4.4/s Avg:   229 Min:   123 Max:  1259 Err:     0 (0.00%)
2025-02-26 17:13:30,039 INFO o.a.j.r.Summariser: summary +    138 in 00:00:30 =    4.6/s Avg:   216 Min:   127 Max:   312 Err:     0 (0.00%) Active: 1 Started: 1 Finished: 0
2025-02-26 17:13:30,040 INFO o.a.j.r.Summariser: summary =   4367 in 00:16:42 =    4.4/s Avg:   228 Min:   123 Max:  1259 Err:     0 (0.00%)
2025-02-26 17:14:00,045 INFO o.a.j.r.Summariser: summary +    137 in 00:00:30 =    4.6/s Avg:   218 Min:   124 Max:   335 Err:     0 (0.00%) Active: 1 Started: 1 Finished: 0
2025-02-26 17:14:00,045 INFO o.a.j.r.Summariser: summary =   4504 in 00:17:12 =    4.4/s Avg:   228 Min:   123 Max:  1259 Err:     0 (0.00%)
2025-02-26 17:14:30,054 INFO o.a.j.r.Summariser: summary +    136 in 00:00:30 =    4.5/s Avg:   220 Min:   129 Max:   317 Err:     0 (0.00%) Active: 1 Started: 1 Finished: 0
2025-02-26 17:14:30,055 INFO o.a.j.r.Summariser: summary =   4640 in 00:17:42 =    4.4/s Avg:   228 Min:   123 Max:  1259 Err:     0 (0.00%)
2025-02-26 17:15:00,166 INFO o.a.j.r.Summariser: summary +    136 in 00:00:30 =    4.5/s Avg:   220 Min:   124 Max:   412 Err:     0 (0.00%) Active: 1 Started: 1 Finished: 0
2025-02-26 17:15:00,166 INFO o.a.j.r.Summariser: summary =   4776 in 00:18:12 =    4.4/s Avg:   228 Min:   123 Max:  1259 Err:     0 (0.00%)
2025-02-26 17:15:30,176 INFO o.a.j.r.Summariser: summary +    136 in 00:00:30 =    4.5/s Avg:   220 Min:   126 Max:   393 Err:     0 (0.00%) Active: 1 Started: 1 Finished: 0
2025-02-26 17:15:30,176 INFO o.a.j.r.Summariser: summary =   4912 in 00:18:42 =    4.4/s Avg:   227 Min:   123 Max:  1259 Err:     0 (0.00%)
2025-02-26 17:15:49,619 INFO o.a.j.t.JMeterThread: Thread is done: Thread Group 1-1
2025-02-26 17:15:49,620 INFO o.a.j.t.JMeterThread: Thread finished: Thread Group 1-1
2025-02-26 17:15:49,622 INFO o.a.j.e.StandardJMeterEngine: Notifying test listeners of end of test
2025-02-26 17:15:49,623 INFO o.a.j.r.Summariser: summary +     88 in 00:00:19 =    4.5/s Avg:   220 Min:   126 Max:   310 Err:     0 (0.00%) Active: 0 Started: 1 Finished: 1
2025-02-26 17:15:49,623 INFO o.a.j.r.Summariser: summary =   5000 in 00:19:01 =    4.4/s Avg:   227 Min:   123 Max:  1259 Err:     0 (0.00%)
2025-02-26 17:15:49,623 INFO o.a.j.JMeter: Generating Dashboard
2025-02-26 17:15:49,624 INFO o.a.j.r.d.ReportGenerator: Flushing result collector before report Generation
2025-02-26 17:15:49,640 INFO o.a.j.r.p.NormalizerSampleConsumer: Using format, 'ms', to parse timeStamp field
2025-02-26 17:15:49,889 INFO o.a.j.r.p.AbstractSampleConsumer: class org.apache.jmeter.report.processor.AggregateConsumer#stopProducing(): beginDate produced 0 samples
2025-02-26 17:15:49,889 INFO o.a.j.r.p.AbstractSampleConsumer: class org.apache.jmeter.report.processor.AggregateConsumer#stopProducing(): endDate produced 0 samples
2025-02-26 17:15:49,891 INFO o.a.j.r.p.AbstractSampleConsumer: class org.apache.jmeter.report.processor.ApdexSummaryConsumer#stopProducing(): apdexSummary produced 0 samples
2025-02-26 17:15:49,891 INFO o.a.j.r.p.AbstractSampleConsumer: class org.apache.jmeter.report.processor.RequestsSummaryConsumer#stopProducing(): requestsSummary produced 0 samples
2025-02-26 17:15:49,900 INFO o.a.j.r.p.AbstractSampleConsumer: class org.apache.jmeter.report.processor.StatisticsSummaryConsumer#stopProducing(): statisticsSummary produced 0 samples
2025-02-26 17:15:49,902 INFO o.a.j.r.p.AbstractSampleConsumer: class org.apache.jmeter.report.processor.Top5ErrorsBySamplerConsumer#stopProducing(): top5ErrorsBySampler produced 0 samples
2025-02-26 17:15:49,902 INFO o.a.j.r.p.AbstractSampleConsumer: class org.apache.jmeter.report.processor.ErrorsSummaryConsumer#stopProducing(): errorsSummary produced 0 samples
2025-02-26 17:15:49,902 INFO o.a.j.r.p.AbstractSampleConsumer: class org.apache.jmeter.report.processor.graph.impl.HitsPerSecondGraphConsumer#stopProducing(): hitsPerSecond produced 0 samples
2025-02-26 17:15:49,983 INFO o.a.j.r.p.AbstractSampleConsumer: class org.apache.jmeter.report.processor.graph.impl.LatencyVSRequestGraphConsumer#stopProducing(): latencyVsRequest produced 0 samples
2025-02-26 17:15:49,984 INFO o.a.j.r.p.AbstractSampleConsumer: class org.apache.jmeter.report.processor.graph.impl.SyntheticResponseTimeDistributionGraphConsumer#stopProducing(): syntheticResponseTimeDistribution produced 0 samples
2025-02-26 17:15:49,985 INFO o.a.j.r.p.AbstractSampleConsumer: class org.apache.jmeter.report.processor.graph.impl.BytesThroughputGraphConsumer#stopProducing(): bytesThroughputOverTime produced 0 samples
2025-02-26 17:15:49,985 INFO o.a.j.r.p.AbstractSampleConsumer: class org.apache.jmeter.report.processor.graph.impl.CodesPerSecondGraphConsumer#stopProducing(): codesPerSecond produced 0 samples
2025-02-26 17:15:50,042 INFO o.a.j.r.p.AbstractSampleConsumer: class org.apache.jmeter.report.processor.graph.impl.ResponseTimeVSRequestGraphConsumer#stopProducing(): responseTimeVsRequest produced 0 samples
2025-02-26 17:15:50,043 INFO o.a.j.r.p.AbstractSampleConsumer: class org.apache.jmeter.report.processor.FilterConsumer#stopProducing(): startIntervalControlerFilter produced 35000 samples
2025-02-26 17:15:50,043 INFO o.a.j.r.p.AbstractSampleConsumer: class org.apache.jmeter.report.processor.graph.impl.TotalTPSGraphConsumer#stopProducing(): totalTPS produced 0 samples
2025-02-26 17:15:50,044 INFO o.a.j.r.p.AbstractSampleConsumer: class org.apache.jmeter.report.processor.graph.impl.ActiveThreadsGraphConsumer#stopProducing(): activeThreadsOverTime produced 0 samples
2025-02-26 17:15:50,044 INFO o.a.j.r.p.AbstractSampleConsumer: class org.apache.jmeter.report.processor.graph.impl.TimeVSThreadGraphConsumer#stopProducing(): timeVsThreads produced 0 samples
2025-02-26 17:15:50,044 INFO o.a.j.r.p.AbstractSampleConsumer: class org.apache.jmeter.report.processor.graph.impl.ResponseTimeDistributionGraphConsumer#stopProducing(): responseTimeDistribution produced 0 samples
2025-02-26 17:15:50,044 INFO o.a.j.r.p.AbstractSampleConsumer: class org.apache.jmeter.report.processor.graph.impl.TransactionsPerSecondGraphConsumer#stopProducing(): transactionsPerSecond produced 0 samples
2025-02-26 17:15:50,044 INFO o.a.j.r.p.AbstractSampleConsumer: class org.apache.jmeter.report.processor.graph.impl.ResponseTimePercentilesGraphConsumer#stopProducing(): responseTimePercentiles produced 0 samples
2025-02-26 17:15:50,046 INFO o.a.j.r.p.AbstractSampleConsumer: class org.apache.jmeter.report.processor.graph.impl.ResponseTimePercentilesOverTimeGraphConsumer#stopProducing(): responseTimePercentilesOverTime produced 0 samples
2025-02-26 17:15:50,049 INFO o.a.j.r.p.AbstractSampleConsumer: class org.apache.jmeter.report.processor.graph.impl.ResponseTimeOverTimeGraphConsumer#stopProducing(): responseTimesOverTime produced 0 samples
2025-02-26 17:15:50,049 INFO o.a.j.r.p.AbstractSampleConsumer: class org.apache.jmeter.report.processor.graph.impl.ConnectTimeOverTimeGraphConsumer#stopProducing(): connectTimeOverTime produced 0 samples
2025-02-26 17:15:50,049 INFO o.a.j.r.p.AbstractSampleConsumer: class org.apache.jmeter.report.processor.graph.impl.LatencyOverTimeGraphConsumer#stopProducing(): latenciesOverTime produced 0 samples
2025-02-26 17:15:50,049 INFO o.a.j.r.p.AbstractSampleConsumer: class org.apache.jmeter.report.processor.FilterConsumer#stopProducing(): nameFilter produced 75000 samples
2025-02-26 17:15:50,049 INFO o.a.j.r.p.AbstractSampleConsumer: class org.apache.jmeter.report.processor.FilterConsumer#stopProducing(): dateRangeFilter produced 15000 samples
2025-02-26 17:15:50,049 INFO o.a.j.r.p.AbstractSampleConsumer: class org.apache.jmeter.report.processor.NormalizerSampleConsumer#stopProducing(): normalizer produced 5000 samples
2025-02-26 17:15:50,050 INFO o.a.j.r.p.CsvFileSampleSource: produce(): 5000 samples produced in 367ms on channel 0
2025-02-26 17:15:50,050 INFO o.a.j.r.d.ReportGenerator: Exporting data using exporter:'json' of className:'org.apache.jmeter.report.dashboard.JsonExporter'
2025-02-26 17:15:50,131 INFO o.a.j.r.d.JsonExporter: Found data for consumer statisticsSummary in context
2025-02-26 17:15:50,131 INFO o.a.j.r.d.JsonExporter: Creating statistics for overall
2025-02-26 17:15:50,131 INFO o.a.j.r.d.JsonExporter: Creating statistics for other transactions
2025-02-26 17:15:50,132 INFO o.a.j.r.d.JsonExporter: Checking output folder
2025-02-26 17:15:50,132 INFO o.a.j.r.d.JsonExporter: Writing statistics JSON to /home/michi/Documents/DISSERTAÇÃO/Comparing_JSON_and_ProtoBuf_in_HTTP-based-_REST_architectures/Control_Project_JSON/Jmeter/json_create_review/json_create_review_reports_3/statistics.json
2025-02-26 17:15:50,175 INFO o.a.j.r.d.ReportGenerator: Exporting data using exporter:'html' of className:'org.apache.jmeter.report.dashboard.HtmlTemplateExporter'
2025-02-26 17:15:50,178 INFO o.a.j.r.d.HtmlTemplateExporter: Will generate dashboard in folder: /home/michi/Documents/DISSERTAÇÃO/Comparing_JSON_and_ProtoBuf_in_HTTP-based-_REST_architectures/Control_Project_JSON/Jmeter/json_create_review/json_create_review_reports_3
2025-02-26 17:15:50,292 INFO o.a.j.r.d.HtmlTemplateExporter: Report will be generated in: /home/michi/Documents/DISSERTAÇÃO/Comparing_JSON_and_ProtoBuf_in_HTTP-based-_REST_architectures/Control_Project_JSON/Jmeter/json_create_review/json_create_review_reports_3, creating folder structure
2025-02-26 17:15:50,295 INFO o.a.j.r.d.TemplateVisitor: Copying folder from '/home/michi/.config/apache-jmeter-5.6.3/bin/report-template' to '/home/michi/Documents/DISSERTAÇÃO/Comparing_JSON_and_ProtoBuf_in_HTTP-based-_REST_architectures/Control_Project_JSON/Jmeter/json_create_review/json_create_review_reports_3', got message: /home/michi/Documents/DISSERTAÇÃO/Comparing_JSON_and_ProtoBuf_in_HTTP-based-_REST_architectures/Control_Project_JSON/Jmeter/json_create_review/json_create_review_reports_3, found non empty folder with following content [/home/michi/Documents/DISSERTAÇÃO/Comparing_JSON_and_ProtoBuf_in_HTTP-based-_REST_architectures/Control_Project_JSON/Jmeter/json_create_review/json_create_review_reports_3/json_create_review_3.csv, /home/michi/Documents/DISSERTAÇÃO/Comparing_JSON_and_ProtoBuf_in_HTTP-based-_REST_architectures/Control_Project_JSON/Jmeter/json_create_review/json_create_review_reports_3/statistics.json], will be ignored
2025-02-26 17:15:50,491 INFO o.a.j.JMeter: Dashboard generated
