2025-02-26 15:49:19,300 INFO o.a.j.u.JMeterUtils: Setting Locale to en_EN
2025-02-26 15:49:19,341 INFO o.a.j.JMeter: Loading user properties from: /home/michi/.config/apache-jmeter-5.6.3/bin/user.properties
2025-02-26 15:49:19,342 INFO o.a.j.JMeter: Loading system properties from: /home/michi/.config/apache-jmeter-5.6.3/bin/system.properties
2025-02-26 15:49:19,353 INFO o.a.j.JMeter: Copyright (c) 1998-2024 The Apache Software Foundation
2025-02-26 15:49:19,353 INFO o.a.j.JMeter: Version 5.6.3
2025-02-26 15:49:19,354 INFO o.a.j.JMeter: java.version=17.0.14
2025-02-26 15:49:19,354 INFO o.a.j.JMeter: java.vm.name=OpenJDK 64-Bit Server VM
2025-02-26 15:49:19,354 INFO o.a.j.JMeter: os.name=Linux
2025-02-26 15:49:19,354 INFO o.a.j.JMeter: os.arch=amd64
2025-02-26 15:49:19,354 INFO o.a.j.JMeter: os.version=6.11.0-17-generic
2025-02-26 15:49:19,354 INFO o.a.j.JMeter: file.encoding=UTF-8
2025-02-26 15:49:19,354 INFO o.a.j.JMeter: java.awt.headless=true
2025-02-26 15:49:19,355 INFO o.a.j.JMeter: Max memory     =1073741824
2025-02-26 15:49:19,355 INFO o.a.j.JMeter: Available Processors =16
2025-02-26 15:49:19,370 INFO o.a.j.JMeter: Default Locale=English (EN)
2025-02-26 15:49:19,371 INFO o.a.j.JMeter: JMeter  Locale=English (EN)
2025-02-26 15:49:19,372 INFO o.a.j.JMeter: JMeterHome=/home/michi/.config/apache-jmeter-5.6.3
2025-02-26 15:49:19,372 INFO o.a.j.JMeter: user.dir  =/home/michi/Documents/DISSERTAÇÃO/Comparing_JSON_and_ProtoBuf_in_HTTP-based-_REST_architectures/Control_Project_JSON/Jmeter/json_create_product
2025-02-26 15:49:19,372 INFO o.a.j.JMeter: PWD       =/home/michi/Documents/DISSERTAÇÃO/Comparing_JSON_and_ProtoBuf_in_HTTP-based-_REST_architectures/Control_Project_JSON/Jmeter/json_create_product
2025-02-26 15:49:19,373 INFO o.a.j.JMeter: IP: 127.0.1.1 Name: michi FullName: michi
2025-02-26 15:49:19,398 INFO o.a.j.JMeter: Setting property 'jmeter.reportgenerator.outputdir' to:'/home/michi/Documents/DISSERTAÇÃO/Comparing_JSON_and_ProtoBuf_in_HTTP-based-_REST_architectures/Control_Project_JSON/Jmeter/json_create_product/json_create_product_reports_3'
2025-02-26 15:49:19,402 INFO o.a.j.s.FileServer: Default base='/home/michi/Documents/DISSERTAÇÃO/Comparing_JSON_and_ProtoBuf_in_HTTP-based-_REST_architectures/Control_Project_JSON/Jmeter/json_create_product'
2025-02-26 15:49:19,405 INFO o.a.j.s.FileServer: Set new base='/home/michi/Documents/DISSERTAÇÃO/Comparing_JSON_and_ProtoBuf_in_HTTP-based-_REST_architectures/Control_Project_JSON/Jmeter/json_create_product'
2025-02-26 15:49:19,727 INFO o.a.j.s.SaveService: Testplan (JMX) version: 2.2. Testlog (JTL) version: 2.2
2025-02-26 15:49:19,766 INFO o.a.j.s.SaveService: Using SaveService properties version 5.0
2025-02-26 15:49:19,772 INFO o.a.j.s.SaveService: Using SaveService properties file encoding UTF-8
2025-02-26 15:49:19,778 INFO o.a.j.s.SaveService: Loading file: json_create_products.jmx
2025-02-26 15:49:19,874 INFO o.a.j.p.h.s.HTTPSamplerBase: Parser for text/html is org.apache.jmeter.protocol.http.parser.LagartoBasedHtmlParser
2025-02-26 15:49:19,874 INFO o.a.j.p.h.s.HTTPSamplerBase: Parser for application/xhtml+xml is org.apache.jmeter.protocol.http.parser.LagartoBasedHtmlParser
2025-02-26 15:49:19,874 INFO o.a.j.p.h.s.HTTPSamplerBase: Parser for application/xml is org.apache.jmeter.protocol.http.parser.LagartoBasedHtmlParser
2025-02-26 15:49:19,875 INFO o.a.j.p.h.s.HTTPSamplerBase: Parser for text/xml is org.apache.jmeter.protocol.http.parser.LagartoBasedHtmlParser
2025-02-26 15:49:19,875 INFO o.a.j.p.h.s.HTTPSamplerBase: Parser for text/vnd.wap.wml is org.apache.jmeter.protocol.http.parser.RegexpHTMLParser
2025-02-26 15:49:19,875 INFO o.a.j.p.h.s.HTTPSamplerBase: Parser for text/css is org.apache.jmeter.protocol.http.parser.CssParser
2025-02-26 15:49:19,932 INFO o.a.j.JMeter: Creating summariser <summary>
2025-02-26 15:49:19,939 INFO o.a.j.r.d.ReportGenerator: ReportGenerator will use for Parsing the separator: ','
2025-02-26 15:49:19,940 INFO o.a.j.r.d.ReportGenerator: Will generate report at end of test from  results file: json_create_product_reports_3/json_create_product_3.csv
2025-02-26 15:49:19,940 INFO o.a.j.r.d.ReportGenerator: Reading report generator properties from: /home/michi/.config/apache-jmeter-5.6.3/bin/reportgenerator.properties
2025-02-26 15:49:19,941 INFO o.a.j.r.d.ReportGenerator: Merging with JMeter properties
2025-02-26 15:49:19,948 INFO o.a.j.r.c.ReportGeneratorConfiguration: Property 'jmeter.reportgenerator.temp_dir' not found, using default value 'temp' instead.
2025-02-26 15:49:19,952 INFO o.a.j.r.c.ReportGeneratorConfiguration: Property 'jmeter.reportgenerator.apdex_per_transaction' not found, using default value 'null' instead.
2025-02-26 15:49:19,952 INFO o.a.j.r.c.ReportGeneratorConfiguration: apdex_per_transaction is empty, not APDEX per transaction customization
2025-02-26 15:49:19,952 INFO o.a.j.r.c.ReportGeneratorConfiguration: Property 'jmeter.reportgenerator.sample_filter' not found, using default value 'null' instead.
2025-02-26 15:49:19,952 INFO o.a.j.r.c.ReportGeneratorConfiguration: Property 'jmeter.reportgenerator.report_title' not found, using default value 'null' instead.
2025-02-26 15:49:19,953 INFO o.a.j.r.c.ReportGeneratorConfiguration: Property 'jmeter.reportgenerator.start_date' not found, using default value 'null' instead.
2025-02-26 15:49:19,953 INFO o.a.j.r.c.ReportGeneratorConfiguration: Property 'jmeter.reportgenerator.end_date' not found, using default value 'null' instead.
2025-02-26 15:49:19,953 INFO o.a.j.r.c.ReportGeneratorConfiguration: Property 'jmeter.reportgenerator.date_format' not found, using default value 'null' instead.
2025-02-26 15:49:19,954 INFO o.a.j.r.c.ReportGeneratorConfiguration: Will use date range start date: null, end date: null
2025-02-26 15:49:19,960 INFO o.a.j.r.c.ReportGeneratorConfiguration: Property 'jmeter.reportgenerator.graph.totalTPS.exclude_controllers' not found, using default value 'false' instead.
2025-02-26 15:49:19,961 INFO o.a.j.r.c.ReportGeneratorConfiguration: Property 'jmeter.reportgenerator.graph.activeThreadsOverTime.exclude_controllers' not found, using default value 'false' instead.
2025-02-26 15:49:19,961 INFO o.a.j.r.c.ReportGeneratorConfiguration: Property 'jmeter.reportgenerator.graph.timeVsThreads.exclude_controllers' not found, using default value 'false' instead.
2025-02-26 15:49:19,961 INFO o.a.j.r.c.ReportGeneratorConfiguration: Property 'jmeter.reportgenerator.graph.responseTimeDistribution.exclude_controllers' not found, using default value 'false' instead.
2025-02-26 15:49:19,961 INFO o.a.j.r.c.ReportGeneratorConfiguration: Property 'jmeter.reportgenerator.graph.transactionsPerSecond.exclude_controllers' not found, using default value 'false' instead.
2025-02-26 15:49:19,961 INFO o.a.j.r.c.ReportGeneratorConfiguration: Property 'jmeter.reportgenerator.graph.responseTimePercentiles.exclude_controllers' not found, using default value 'false' instead.
2025-02-26 15:49:19,962 INFO o.a.j.r.c.ReportGeneratorConfiguration: Property 'jmeter.reportgenerator.graph.responseTimePercentilesOverTime.exclude_controllers' not found, using default value 'false' instead.
2025-02-26 15:49:19,962 INFO o.a.j.r.c.ReportGeneratorConfiguration: Property 'jmeter.reportgenerator.graph.responseTimesOverTime.exclude_controllers' not found, using default value 'false' instead.
2025-02-26 15:49:19,962 INFO o.a.j.r.c.ReportGeneratorConfiguration: Property 'jmeter.reportgenerator.graph.connectTimeOverTime.exclude_controllers' not found, using default value 'false' instead.
2025-02-26 15:49:19,963 INFO o.a.j.r.c.ReportGeneratorConfiguration: Property 'jmeter.reportgenerator.graph.latenciesOverTime.exclude_controllers' not found, using default value 'false' instead.
2025-02-26 15:49:19,964 INFO o.a.j.r.c.ReportGeneratorConfiguration: Property 'jmeter.reportgenerator.exporter.json.filters_only_sample_series' not found, using default value 'true' instead.
2025-02-26 15:49:19,964 INFO o.a.j.r.c.ReportGeneratorConfiguration: Property 'jmeter.reportgenerator.exporter.json.series_filter' not found, using default value '' instead.
2025-02-26 15:49:19,964 INFO o.a.j.r.c.ReportGeneratorConfiguration: Property 'jmeter.reportgenerator.exporter.json.show_controllers_only' not found, using default value 'false' instead.
2025-02-26 15:49:19,965 INFO o.a.j.r.c.ReportGeneratorConfiguration: Property 'jmeter.reportgenerator.exporter.html.filters_only_sample_series' not found, using default value 'true' instead.
2025-02-26 15:49:19,965 INFO o.a.j.r.c.ReportGeneratorConfiguration: Property 'jmeter.reportgenerator.exporter.html.series_filter' not found, using default value '' instead.
2025-02-26 15:49:19,965 INFO o.a.j.r.c.ReportGeneratorConfiguration: Property 'jmeter.reportgenerator.exporter.html.show_controllers_only' not found, using default value 'false' instead.
2025-02-26 15:49:19,986 INFO o.a.j.e.StandardJMeterEngine: Running the test!
2025-02-26 15:49:19,988 INFO o.a.j.s.SampleEvent: List of sample_variables: []
2025-02-26 15:49:19,988 INFO o.a.j.s.SampleEvent: List of sample_variables: []
2025-02-26 15:49:19,996 INFO o.a.j.e.u.CompoundVariable: Note: Function class names must contain the string: '.functions.'
2025-02-26 15:49:19,996 INFO o.a.j.e.u.CompoundVariable: Note: Function class names must not contain the string: '.gui.'
2025-02-26 15:49:20,092 INFO o.a.j.r.ClassFinder: Will scan jar /home/michi/.config/apache-jmeter-5.6.3/lib/ext/jmeter-plugins-manager-1.10.jar with filter ExtendsClassFilter [parents=[interface org.apache.jmeter.functions.Function], inner=false, contains=null, notContains=null]. Consider exposing JMeter plugins via META-INF/services, and add JMeter-Skip-Class-Scanning=true manifest attribute so JMeter can skip classfile scanning
2025-02-26 15:49:20,229 INFO o.a.j.JMeter: Running test (1740584960229)
2025-02-26 15:49:20,258 INFO o.a.j.e.StandardJMeterEngine: Starting ThreadGroup: 1 : Thread Group
2025-02-26 15:49:20,258 INFO o.a.j.e.StandardJMeterEngine: Starting 1 threads for group Thread Group.
2025-02-26 15:49:20,258 INFO o.a.j.e.StandardJMeterEngine: Thread will continue on error
2025-02-26 15:49:20,259 INFO o.a.j.t.ThreadGroup: Starting thread group... number=1 threads=1 ramp-up=1 delayedStart=false
2025-02-26 15:49:20,266 INFO o.a.j.t.ThreadGroup: Started thread group number 1
2025-02-26 15:49:20,266 INFO o.a.j.e.StandardJMeterEngine: All thread groups have been started
2025-02-26 15:49:20,271 INFO o.a.j.t.JMeterThread: Thread started: Thread Group 1-1
2025-02-26 15:49:20,306 INFO o.a.j.p.h.s.HTTPHCAbstractImpl: Local host = michi
2025-02-26 15:49:20,318 INFO o.a.j.p.h.s.HTTPHC4Impl: HTTP request retry count = 0
2025-02-26 15:49:20,320 INFO o.a.j.s.SampleResult: Note: Sample TimeStamps are START times
2025-02-26 15:49:20,321 INFO o.a.j.s.SampleResult: sampleresult.default.encoding is set to UTF-8
2025-02-26 15:49:20,321 INFO o.a.j.s.SampleResult: sampleresult.useNanoTime=true
2025-02-26 15:49:20,321 INFO o.a.j.s.SampleResult: sampleresult.nanoThreadSleep=5000
2025-02-26 15:49:20,498 INFO o.a.j.u.JsseSSLManager: Using default SSL protocol: TLS
2025-02-26 15:49:20,499 INFO o.a.j.u.JsseSSLManager: SSL session context: per-thread
2025-02-26 15:49:30,003 INFO o.a.j.r.Summariser: summary +    721 in 00:00:10 =   73.8/s Avg:    12 Min:     9 Max:    61 Err:     0 (0.00%) Active: 1 Started: 1 Finished: 0
2025-02-26 15:50:00,009 INFO o.a.j.r.Summariser: summary +   2773 in 00:00:30 =   92.4/s Avg:    10 Min:     8 Max:    22 Err:     0 (0.00%) Active: 1 Started: 1 Finished: 0
2025-02-26 15:50:00,009 INFO o.a.j.r.Summariser: summary =   3494 in 00:00:40 =   87.8/s Avg:    10 Min:     8 Max:    61 Err:     0 (0.00%)
2025-02-26 15:50:15,744 INFO o.a.j.t.JMeterThread: Thread is done: Thread Group 1-1
2025-02-26 15:50:15,744 INFO o.a.j.t.JMeterThread: Thread finished: Thread Group 1-1
2025-02-26 15:50:15,746 INFO o.a.j.e.StandardJMeterEngine: Notifying test listeners of end of test
2025-02-26 15:50:15,747 INFO o.a.j.r.Summariser: summary +   1506 in 00:00:16 =   95.7/s Avg:    10 Min:     8 Max:    31 Err:     0 (0.00%) Active: 0 Started: 1 Finished: 1
2025-02-26 15:50:15,747 INFO o.a.j.r.Summariser: summary =   5000 in 00:00:56 =   90.1/s Avg:    10 Min:     8 Max:    61 Err:     0 (0.00%)
2025-02-26 15:50:15,748 INFO o.a.j.JMeter: Generating Dashboard
2025-02-26 15:50:15,748 INFO o.a.j.r.d.ReportGenerator: Flushing result collector before report Generation
2025-02-26 15:50:15,761 INFO o.a.j.r.p.NormalizerSampleConsumer: Using format, 'ms', to parse timeStamp field
2025-02-26 15:50:16,116 INFO o.a.j.r.p.AbstractSampleConsumer: class org.apache.jmeter.report.processor.AggregateConsumer#stopProducing(): beginDate produced 0 samples
2025-02-26 15:50:16,117 INFO o.a.j.r.p.AbstractSampleConsumer: class org.apache.jmeter.report.processor.AggregateConsumer#stopProducing(): endDate produced 0 samples
2025-02-26 15:50:16,119 INFO o.a.j.r.p.AbstractSampleConsumer: class org.apache.jmeter.report.processor.ApdexSummaryConsumer#stopProducing(): apdexSummary produced 0 samples
2025-02-26 15:50:16,119 INFO o.a.j.r.p.AbstractSampleConsumer: class org.apache.jmeter.report.processor.RequestsSummaryConsumer#stopProducing(): requestsSummary produced 0 samples
2025-02-26 15:50:16,131 INFO o.a.j.r.p.AbstractSampleConsumer: class org.apache.jmeter.report.processor.StatisticsSummaryConsumer#stopProducing(): statisticsSummary produced 0 samples
2025-02-26 15:50:16,133 INFO o.a.j.r.p.AbstractSampleConsumer: class org.apache.jmeter.report.processor.Top5ErrorsBySamplerConsumer#stopProducing(): top5ErrorsBySampler produced 0 samples
2025-02-26 15:50:16,134 INFO o.a.j.r.p.AbstractSampleConsumer: class org.apache.jmeter.report.processor.ErrorsSummaryConsumer#stopProducing(): errorsSummary produced 0 samples
2025-02-26 15:50:16,134 INFO o.a.j.r.p.AbstractSampleConsumer: class org.apache.jmeter.report.processor.graph.impl.HitsPerSecondGraphConsumer#stopProducing(): hitsPerSecond produced 0 samples
2025-02-26 15:50:16,246 INFO o.a.j.r.p.AbstractSampleConsumer: class org.apache.jmeter.report.processor.graph.impl.LatencyVSRequestGraphConsumer#stopProducing(): latencyVsRequest produced 0 samples
2025-02-26 15:50:16,248 INFO o.a.j.r.p.AbstractSampleConsumer: class org.apache.jmeter.report.processor.graph.impl.SyntheticResponseTimeDistributionGraphConsumer#stopProducing(): syntheticResponseTimeDistribution produced 0 samples
2025-02-26 15:50:16,249 INFO o.a.j.r.p.AbstractSampleConsumer: class org.apache.jmeter.report.processor.graph.impl.BytesThroughputGraphConsumer#stopProducing(): bytesThroughputOverTime produced 0 samples
2025-02-26 15:50:16,249 INFO o.a.j.r.p.AbstractSampleConsumer: class org.apache.jmeter.report.processor.graph.impl.CodesPerSecondGraphConsumer#stopProducing(): codesPerSecond produced 0 samples
2025-02-26 15:50:16,349 INFO o.a.j.r.p.AbstractSampleConsumer: class org.apache.jmeter.report.processor.graph.impl.ResponseTimeVSRequestGraphConsumer#stopProducing(): responseTimeVsRequest produced 0 samples
2025-02-26 15:50:16,351 INFO o.a.j.r.p.AbstractSampleConsumer: class org.apache.jmeter.report.processor.FilterConsumer#stopProducing(): startIntervalControlerFilter produced 35000 samples
2025-02-26 15:50:16,351 INFO o.a.j.r.p.AbstractSampleConsumer: class org.apache.jmeter.report.processor.graph.impl.TotalTPSGraphConsumer#stopProducing(): totalTPS produced 0 samples
2025-02-26 15:50:16,351 INFO o.a.j.r.p.AbstractSampleConsumer: class org.apache.jmeter.report.processor.graph.impl.ActiveThreadsGraphConsumer#stopProducing(): activeThreadsOverTime produced 0 samples
2025-02-26 15:50:16,352 INFO o.a.j.r.p.AbstractSampleConsumer: class org.apache.jmeter.report.processor.graph.impl.TimeVSThreadGraphConsumer#stopProducing(): timeVsThreads produced 0 samples
2025-02-26 15:50:16,352 INFO o.a.j.r.p.AbstractSampleConsumer: class org.apache.jmeter.report.processor.graph.impl.ResponseTimeDistributionGraphConsumer#stopProducing(): responseTimeDistribution produced 0 samples
2025-02-26 15:50:16,352 INFO o.a.j.r.p.AbstractSampleConsumer: class org.apache.jmeter.report.processor.graph.impl.TransactionsPerSecondGraphConsumer#stopProducing(): transactionsPerSecond produced 0 samples
2025-02-26 15:50:16,352 INFO o.a.j.r.p.AbstractSampleConsumer: class org.apache.jmeter.report.processor.graph.impl.ResponseTimePercentilesGraphConsumer#stopProducing(): responseTimePercentiles produced 0 samples
2025-02-26 15:50:16,353 INFO o.a.j.r.p.AbstractSampleConsumer: class org.apache.jmeter.report.processor.graph.impl.ResponseTimePercentilesOverTimeGraphConsumer#stopProducing(): responseTimePercentilesOverTime produced 0 samples
2025-02-26 15:50:16,355 INFO o.a.j.r.p.AbstractSampleConsumer: class org.apache.jmeter.report.processor.graph.impl.ResponseTimeOverTimeGraphConsumer#stopProducing(): responseTimesOverTime produced 0 samples
2025-02-26 15:50:16,355 INFO o.a.j.r.p.AbstractSampleConsumer: class org.apache.jmeter.report.processor.graph.impl.ConnectTimeOverTimeGraphConsumer#stopProducing(): connectTimeOverTime produced 0 samples
2025-02-26 15:50:16,356 INFO o.a.j.r.p.AbstractSampleConsumer: class org.apache.jmeter.report.processor.graph.impl.LatencyOverTimeGraphConsumer#stopProducing(): latenciesOverTime produced 0 samples
2025-02-26 15:50:16,356 INFO o.a.j.r.p.AbstractSampleConsumer: class org.apache.jmeter.report.processor.FilterConsumer#stopProducing(): nameFilter produced 75000 samples
2025-02-26 15:50:16,356 INFO o.a.j.r.p.AbstractSampleConsumer: class org.apache.jmeter.report.processor.FilterConsumer#stopProducing(): dateRangeFilter produced 15000 samples
2025-02-26 15:50:16,356 INFO o.a.j.r.p.AbstractSampleConsumer: class org.apache.jmeter.report.processor.NormalizerSampleConsumer#stopProducing(): normalizer produced 5000 samples
2025-02-26 15:50:16,357 INFO o.a.j.r.p.CsvFileSampleSource: produce(): 5000 samples produced in 560ms on channel 0
2025-02-26 15:50:16,357 INFO o.a.j.r.d.ReportGenerator: Exporting data using exporter:'json' of className:'org.apache.jmeter.report.dashboard.JsonExporter'
2025-02-26 15:50:16,493 INFO o.a.j.r.d.JsonExporter: Found data for consumer statisticsSummary in context
2025-02-26 15:50:16,494 INFO o.a.j.r.d.JsonExporter: Creating statistics for overall
2025-02-26 15:50:16,495 INFO o.a.j.r.d.JsonExporter: Creating statistics for other transactions
2025-02-26 15:50:16,497 INFO o.a.j.r.d.JsonExporter: Checking output folder
2025-02-26 15:50:16,497 INFO o.a.j.r.d.JsonExporter: Writing statistics JSON to /home/michi/Documents/DISSERTAÇÃO/Comparing_JSON_and_ProtoBuf_in_HTTP-based-_REST_architectures/Control_Project_JSON/Jmeter/json_create_product/json_create_product_reports_3/statistics.json
2025-02-26 15:50:16,561 INFO o.a.j.r.d.ReportGenerator: Exporting data using exporter:'html' of className:'org.apache.jmeter.report.dashboard.HtmlTemplateExporter'
2025-02-26 15:50:16,567 INFO o.a.j.r.d.HtmlTemplateExporter: Will generate dashboard in folder: /home/michi/Documents/DISSERTAÇÃO/Comparing_JSON_and_ProtoBuf_in_HTTP-based-_REST_architectures/Control_Project_JSON/Jmeter/json_create_product/json_create_product_reports_3
2025-02-26 15:50:16,729 INFO o.a.j.r.d.HtmlTemplateExporter: Report will be generated in: /home/michi/Documents/DISSERTAÇÃO/Comparing_JSON_and_ProtoBuf_in_HTTP-based-_REST_architectures/Control_Project_JSON/Jmeter/json_create_product/json_create_product_reports_3, creating folder structure
2025-02-26 15:50:16,733 INFO o.a.j.r.d.TemplateVisitor: Copying folder from '/home/michi/.config/apache-jmeter-5.6.3/bin/report-template' to '/home/michi/Documents/DISSERTAÇÃO/Comparing_JSON_and_ProtoBuf_in_HTTP-based-_REST_architectures/Control_Project_JSON/Jmeter/json_create_product/json_create_product_reports_3', got message: /home/michi/Documents/DISSERTAÇÃO/Comparing_JSON_and_ProtoBuf_in_HTTP-based-_REST_architectures/Control_Project_JSON/Jmeter/json_create_product/json_create_product_reports_3, found non empty folder with following content [/home/michi/Documents/DISSERTAÇÃO/Comparing_JSON_and_ProtoBuf_in_HTTP-based-_REST_architectures/Control_Project_JSON/Jmeter/json_create_product/json_create_product_reports_3/statistics.json, /home/michi/Documents/DISSERTAÇÃO/Comparing_JSON_and_ProtoBuf_in_HTTP-based-_REST_architectures/Control_Project_JSON/Jmeter/json_create_product/json_create_product_reports_3/json_create_product_3.csv], will be ignored
2025-02-26 15:50:16,985 INFO o.a.j.JMeter: Dashboard generated
